Using pre-set license
Built from '2020.2/staging' branch; Version is '2020.2.6f1 (8a2143876886) revision 9052483'; Using compiler version '192528614'; Build Type 'Release'
OS: 'Windows 10 Home; OS build 19041.804; Version 2004; 64bit' Language: 'en' Physical Memory: 3977 MB
BatchMode: 1, IsHumanControllingUs: 0, StartBugReporterOnCrash: 0, Is64bit: 1, IsPro: 0

 COMMAND LINE ARGUMENTS:
C:\Program Files\Unity\Hub\Editor\2020.2.6f1\Editor\Unity.exe
-adb2
-batchMode
-noUpm
-name
AssetImportWorker5
-projectPath
C:/Users/cwmca_000/Documents/classwork/proj dev/TheLichUsurper/TheLichUsurper
-logFile
Logs/AssetImportWorker5.log
-srvPort
50412
Successfully changed project path to: C:/Users/cwmca_000/Documents/classwork/proj dev/TheLichUsurper/TheLichUsurper
C:/Users/cwmca_000/Documents/classwork/proj dev/TheLichUsurper/TheLichUsurper
Using Asset Import Pipeline V2.
Refreshing native plugins compatible for Editor in 65.93 ms, found 0 plugins.
Preloading 0 native plugins for Editor in 0.00 ms.
Initialize engine version: 2020.2.6f1 (8a2143876886)
[Subsystems] Discovering subsystems at path C:/Program Files/Unity/Hub/Editor/2020.2.6f1/Editor/Data/Resources/UnitySubsystems
[Subsystems] Discovering subsystems at path C:/Users/cwmca_000/Documents/classwork/proj dev/TheLichUsurper/TheLichUsurper/Assets
GfxDevice: creating device client; threaded=0
Direct3D:
    Version:  Direct3D 11.0 [level 11.0]
    Renderer: Intel(R) HD Graphics 4000 (ID=0x166)
    Vendor:   
    VRAM:     128 MB
    Driver:   10.18.10.4358
Initialize mono
Mono path[0] = 'C:/Program Files/Unity/Hub/Editor/2020.2.6f1/Editor/Data/Managed'
Mono path[1] = 'C:/Program Files/Unity/Hub/Editor/2020.2.6f1/Editor/Data/MonoBleedingEdge/lib/mono/unityjit'
Mono config path = 'C:/Program Files/Unity/Hub/Editor/2020.2.6f1/Editor/Data/MonoBleedingEdge/etc'
Using monoOptions --debugger-agent=transport=dt_socket,embedding=1,server=y,suspend=n,address=127.0.0.1:56920
Begin MonoManager ReloadAssembly
Registering precompiled unity dll's ...
Register platform support module: C:/Program Files/Unity/Hub/Editor/2020.2.6f1/Editor/Data/PlaybackEngines/WindowsStandaloneSupport/UnityEditor.WindowsStandalone.Extensions.dll
Registered in 0.005112 seconds.
Native extension for WindowsStandalone target not found
Refreshing native plugins compatible for Editor in 74.89 ms, found 0 plugins.
Preloading 0 native plugins for Editor in 0.00 ms.
Invoked RoslynAnalysisRunner static constructor.
RoslynAnalysisRunner will not be running.
RoslynAnalysisRunner has terminated.
Mono: successfully reloaded assembly
- Completed reload, in  2.633 seconds
Platform modules already initialized, skipping
Registering precompiled user dll's ...
Registered in 0.001628 seconds.
Begin MonoManager ReloadAssembly
Native extension for WindowsStandalone target not found
Refreshing native plugins compatible for Editor in 0.44 ms, found 0 plugins.
Preloading 0 native plugins for Editor in 0.00 ms.
Invoked RoslynAnalysisRunner static constructor.
RoslynAnalysisRunner will not be running.
RoslynAnalysisRunner has terminated.
Mono: successfully reloaded assembly
- Completed reload, in  2.074 seconds
Platform modules already initialized, skipping
========================================================================
Worker process is ready to serve import requests
Launched and connected shader compiler UnityShaderCompiler.exe after 0.50 seconds
Refreshing native plugins compatible for Editor in 2.53 ms, found 0 plugins.
Preloading 0 native plugins for Editor in 0.00 ms.
Unloading 1157 Unused Serialized files (Serialized files now loaded: 0)
System memory in use before: 58.7 MB.
System memory in use after: 58.8 MB.

Unloading 9 unused Assets to reduce memory usage. Loaded Objects now: 1601.
Total: 2.984200 ms (FindLiveObjects: 0.219400 ms CreateObjectMapping: 0.089600 ms MarkObjects: 2.542900 ms  DeleteObjects: 0.129800 ms)

========================================================================
Received Import Request.
  path: Assets/Scenes
  artifactKey: Guid(54c9285f874f6a343a46eff82ecd2dd1) Importer(815301076,1909f56bfc062723c751e8b465ee728b)
Start importing Assets/Scenes using Guid(54c9285f874f6a343a46eff82ecd2dd1) Importer(815301076,1909f56bfc062723c751e8b465ee728b)  -> (artifact id: '1257e9bf49efd843a44d720fe266f7fe') in 0.089575 seconds
  Import took 0.098853 seconds .

========================================================================
Received Import Request.
  Time since last request: 0.000443 seconds.
  path: Assets/Scenes/Levels
  artifactKey: Guid(7cb609b6a9e31e04597c912ece4dff5d) Importer(815301076,1909f56bfc062723c751e8b465ee728b)
Start importing Assets/Scenes/Levels using Guid(7cb609b6a9e31e04597c912ece4dff5d) Importer(815301076,1909f56bfc062723c751e8b465ee728b)  -> (artifact id: '593aaba9bb89ee9f44d6d5154adc2960') in 0.018968 seconds
  Import took 0.036214 seconds .

========================================================================
Received Import Request.
  Time since last request: 0.000465 seconds.
  path: Assets/Scenes/Levels/Dungeon
  artifactKey: Guid(ed786bc4bed2cb64699d357b57a0e59f) Importer(815301076,1909f56bfc062723c751e8b465ee728b)
Start importing Assets/Scenes/Levels/Dungeon using Guid(ed786bc4bed2cb64699d357b57a0e59f) Importer(815301076,1909f56bfc062723c751e8b465ee728b)  -> (artifact id: '04b6db59c4bcdd7142816295f6412223') in 0.016687 seconds
  Import took 0.020758 seconds .

========================================================================
Received Import Request.
  Time since last request: 0.000382 seconds.
  path: Assets/Scenes/Levels/Dungeon/DungeonMain.unity
  artifactKey: Guid(b854cc597a82b4d438231d98d372ad5e) Importer(815301076,1909f56bfc062723c751e8b465ee728b)
Start importing Assets/Scenes/Levels/Dungeon/DungeonMain.unity using Guid(b854cc597a82b4d438231d98d372ad5e) Importer(815301076,1909f56bfc062723c751e8b465ee728b)  -> (artifact id: '29b9c3805da5610436da92007318dc09') in 0.077999 seconds
  Import took 0.082151 seconds .

========================================================================
Received Import Request.
  Time since last request: 0.000453 seconds.
  path: Assets/Scenes/PlayScene.unity
  artifactKey: Guid(9fc0d4010bbf28b4594072e72b8655ab) Importer(815301076,1909f56bfc062723c751e8b465ee728b)
Start importing Assets/Scenes/PlayScene.unity using Guid(9fc0d4010bbf28b4594072e72b8655ab) Importer(815301076,1909f56bfc062723c751e8b465ee728b)  -> (artifact id: '5116908e9f1e3130327fa178c1c61765') in 0.017132 seconds
  Import took 0.046822 seconds .

========================================================================
Received Prepare
Refreshing native plugins compatible for Editor in 2.55 ms, found 0 plugins.
Preloading 0 native plugins for Editor in 0.00 ms.
Unloading 2 Unused Serialized files (Serialized files now loaded: 0)
System memory in use before: 35.3 MB.
System memory in use after: 35.4 MB.

Unloading 2 unused Assets to reduce memory usage. Loaded Objects now: 1601.
Total: 4.746100 ms (FindLiveObjects: 0.391700 ms CreateObjectMapping: 0.111500 ms MarkObjects: 4.190400 ms  DeleteObjects: 0.048500 ms)

========================================================================
Received Import Request.
  Time since last request: 79.692839 seconds.
  path: Assets/Scenes/Levels/Dungeon/DungeonMain.unity
  artifactKey: Guid(b854cc597a82b4d438231d98d372ad5e) Importer(815301076,1909f56bfc062723c751e8b465ee728b)
Start importing Assets/Scenes/Levels/Dungeon/DungeonMain.unity using Guid(b854cc597a82b4d438231d98d372ad5e) Importer(815301076,1909f56bfc062723c751e8b465ee728b)  -> (artifact id: '654739b5e66685fc6fc99426b0b08b07') in 0.018614 seconds
  Import took 0.025021 seconds .

========================================================================
Received Import Request.
  Time since last request: 292.257377 seconds.
  path: Assets/Scripts
  artifactKey: Guid(24a328293aa1f6240b62233481baa87d) Importer(815301076,1909f56bfc062723c751e8b465ee728b)
Start importing Assets/Scripts using Guid(24a328293aa1f6240b62233481baa87d) Importer(815301076,1909f56bfc062723c751e8b465ee728b)  -> (artifact id: '8affeb5eaa5b9860b98c9b3861a59f51') in 0.810777 seconds
  Import took 0.815718 seconds .

========================================================================
Received Import Request.
  Time since last request: 0.939565 seconds.
  path: Assets/Scripts/Player Scripts
  artifactKey: Guid(f658b7543327bb34084a93f93f963982) Importer(815301076,1909f56bfc062723c751e8b465ee728b)
Start importing Assets/Scripts/Player Scripts using Guid(f658b7543327bb34084a93f93f963982) Importer(815301076,1909f56bfc062723c751e8b465ee728b)  -> (artifact id: 'd421bea6bf38364184cc3e60de3a8947') in 0.226743 seconds
  Import took 0.232423 seconds .

========================================================================
Received Prepare
Registering precompiled user dll's ...
Registered in 0.112675 seconds.
Begin MonoManager ReloadAssembly
Native extension for WindowsStandalone target not found
Refreshing native plugins compatible for Editor in 0.46 ms, found 0 plugins.
Preloading 0 native plugins for Editor in 0.00 ms.
Invoked RoslynAnalysisRunner static constructor.
RoslynAnalysisRunner will not be running.
RoslynAnalysisRunner has terminated.
Mono: successfully reloaded assembly
- Completed reload, in  5.623 seconds
Platform modules already initialized, skipping
Refreshing native plugins compatible for Editor in 0.63 ms, found 0 plugins.
Preloading 0 native plugins for Editor in 0.00 ms.
Unloading 1151 Unused Serialized files (Serialized files now loaded: 0)
System memory in use before: 58.6 MB.
System memory in use after: 58.7 MB.

Unloading 4 unused Assets to reduce memory usage. Loaded Objects now: 1603.
Total: 5.478800 ms (FindLiveObjects: 0.282800 ms CreateObjectMapping: 0.095000 ms MarkObjects: 4.945500 ms  DeleteObjects: 0.151800 ms)

========================================================================
Received Import Request.
  Time since last request: 232.168006 seconds.
  path: Assets/Sprites
  artifactKey: Guid(8377b12d48a660444a44228430f7d4c4) Importer(815301076,1909f56bfc062723c751e8b465ee728b)
Start importing Assets/Sprites using Guid(8377b12d48a660444a44228430f7d4c4) Importer(815301076,1909f56bfc062723c751e8b465ee728b)  -> (artifact id: 'bb7bedbadd9e78e5f97952c5c649bde1') in 0.499739 seconds
  Import took 0.508906 seconds .

========================================================================
Received Import Request.
  Time since last request: 0.002550 seconds.
  path: Assets/Sprites/TestProjectile.png
  artifactKey: Guid(85a94d534599ac544b4441bafe9278d5) Importer(815301076,1909f56bfc062723c751e8b465ee728b)
Start importing Assets/Sprites/TestProjectile.png using Guid(85a94d534599ac544b4441bafe9278d5) Importer(815301076,1909f56bfc062723c751e8b465ee728b)  -> (artifact id: 'bc4c7e3f8cb48975654f99c98c44db5c') in 9.532670 seconds
  Import took 9.537339 seconds .

========================================================================
Received Import Request.
  Time since last request: 0.000433 seconds.
  path: Assets/Sprites/Circle.png
  artifactKey: Guid(9a2733ab0b7355348a9b8d726c0967a4) Importer(815301076,1909f56bfc062723c751e8b465ee728b)
Start importing Assets/Sprites/Circle.png using Guid(9a2733ab0b7355348a9b8d726c0967a4) Importer(815301076,1909f56bfc062723c751e8b465ee728b)  -> (artifact id: 'f2a7841297f9ae1e6953828b1a865ec8') in 0.914434 seconds
  Import took 0.918437 seconds .

========================================================================
Received Import Request.
  Time since last request: 0.000478 seconds.
  path: Assets/Sprites/TestEnemy.png
  artifactKey: Guid(e96ae9acb8f3acc4da4de7228e293722) Importer(815301076,1909f56bfc062723c751e8b465ee728b)
Start importing Assets/Sprites/TestEnemy.png using Guid(e96ae9acb8f3acc4da4de7228e293722) Importer(815301076,1909f56bfc062723c751e8b465ee728b)  -> (artifact id: 'dc1b220b885fb1fed08f8358e8f6cf18') in 0.183486 seconds
  Import took 0.189838 seconds .

========================================================================
Received Import Request.
  Time since last request: 95.456085 seconds.
  path: Assets/Sprites/Materials
  artifactKey: Guid(4b757369114f4cf4280177831f95bde8) Importer(815301076,1909f56bfc062723c751e8b465ee728b)
Start importing Assets/Sprites/Materials using Guid(4b757369114f4cf4280177831f95bde8) Importer(815301076,1909f56bfc062723c751e8b465ee728b)  -> (artifact id: 'd9ac54279043f976c62bdf72c9b25422') in 0.230161 seconds
  Import took 0.266396 seconds .

========================================================================
Received Import Request.
  Time since last request: 0.000487 seconds.
  path: Assets/Sprites/Materials/TestEnemy.mat
  artifactKey: Guid(a87afea8a91615247933254763957668) Importer(815301076,1909f56bfc062723c751e8b465ee728b)
Start importing Assets/Sprites/Materials/TestEnemy.mat using Guid(a87afea8a91615247933254763957668) Importer(815301076,1909f56bfc062723c751e8b465ee728b)  -> (artifact id: '89b50de79fc59733e690fcbe0dc063a7') in 13.603288 seconds
  Import took 13.742799 seconds .

========================================================================
Received Import Request.
  Time since last request: 0.000217 seconds.
  path: Assets/Prefabs/BasementRooms/RoomTopRight.prefab
  artifactKey: Guid(8c2b032d0488b2f4a9619a51598e6ff6) Importer(815301076,1909f56bfc062723c751e8b465ee728b)
Start importing Assets/Prefabs/BasementRooms/RoomTopRight.prefab using Guid(8c2b032d0488b2f4a9619a51598e6ff6) Importer(815301076,1909f56bfc062723c751e8b465ee728b)  -> (artifact id: 'e4df5e4c645978e5f304f322bd9373a7') in 1.960214 seconds
  Import took 1.967325 seconds .

========================================================================
Received Import Request.
  Time since last request: 0.000495 seconds.
  path: Assets/Prefabs/BasementRooms/RoomLeft.prefab
  artifactKey: Guid(bfb99b4ecb1aab646af35bce6e9228b2) Importer(815301076,1909f56bfc062723c751e8b465ee728b)
Start importing Assets/Prefabs/BasementRooms/RoomLeft.prefab using Guid(bfb99b4ecb1aab646af35bce6e9228b2) Importer(815301076,1909f56bfc062723c751e8b465ee728b)  -> (artifact id: '08b5515ade1b081f61504621f400cdb1') in 0.790036 seconds
  Import took 0.796721 seconds .

========================================================================
Received Import Request.
  Time since last request: 0.000500 seconds.
  path: Assets/Prefabs/BasementRooms/RoomBoss.prefab
  artifactKey: Guid(459ad4a46f776774ab3944b72ae55603) Importer(815301076,1909f56bfc062723c751e8b465ee728b)
Start importing Assets/Prefabs/BasementRooms/RoomBoss.prefab using Guid(459ad4a46f776774ab3944b72ae55603) Importer(815301076,1909f56bfc062723c751e8b465ee728b)  -> (artifact id: '0c748390864577c7cf32be898831176e') in 0.619184 seconds
  Import took 0.623660 seconds .

========================================================================
Received Import Request.
  Time since last request: 0.000463 seconds.
  path: Assets/Prefabs/TestMelee.prefab
  artifactKey: Guid(4adc01e72cf53ed4eb7dc795c327c194) Importer(815301076,1909f56bfc062723c751e8b465ee728b)
Start importing Assets/Prefabs/TestMelee.prefab using Guid(4adc01e72cf53ed4eb7dc795c327c194) Importer(815301076,1909f56bfc062723c751e8b465ee728b)  -> (artifact id: 'e08975b2114da7a9613407e7f4476a13') in 1.141591 seconds
  Import took 1.146990 seconds .

========================================================================
Received Import Request.
  Time since last request: 0.000438 seconds.
  path: Assets/Prefabs/BasementRooms/RoomBottom.prefab
  artifactKey: Guid(be4dfba9b1ccab74ab1a1e72e668c69d) Importer(815301076,1909f56bfc062723c751e8b465ee728b)
Start importing Assets/Prefabs/BasementRooms/RoomBottom.prefab using Guid(be4dfba9b1ccab74ab1a1e72e668c69d) Importer(815301076,1909f56bfc062723c751e8b465ee728b)  -> (artifact id: '28b64e77631a4ce12a73d97d5114d901') in 0.445326 seconds
  Import took 0.450926 seconds .

========================================================================
Received Import Request.
  Time since last request: 0.000464 seconds.
  path: Assets/Prefabs/BasementRooms/RoomTopLeft.prefab
  artifactKey: Guid(3e5eec89e4904b149b1c1627ec08eaf4) Importer(815301076,1909f56bfc062723c751e8b465ee728b)
Start importing Assets/Prefabs/BasementRooms/RoomTopLeft.prefab using Guid(3e5eec89e4904b149b1c1627ec08eaf4) Importer(815301076,1909f56bfc062723c751e8b465ee728b)  -> (artifact id: 'b51c05ec1862ea5e6f6ee204a25b0ac4') in 0.646942 seconds
  Import took 0.651251 seconds .

========================================================================
Received Import Request.
  Time since last request: 0.000429 seconds.
  path: Assets/Prefabs/BasementRooms/RoomTop.prefab
  artifactKey: Guid(a25e930fba65bb746bffee527c9d5e5b) Importer(815301076,1909f56bfc062723c751e8b465ee728b)
Start importing Assets/Prefabs/BasementRooms/RoomTop.prefab using Guid(a25e930fba65bb746bffee527c9d5e5b) Importer(815301076,1909f56bfc062723c751e8b465ee728b)  -> (artifact id: 'a8b052c4e488a9ba26153cdc0c6a5cb1') in 2.265972 seconds
  Import took 2.272073 seconds .

========================================================================
Received Import Request.
  Time since last request: 0.000497 seconds.
  path: Assets/Prefabs/TestRanged.prefab
  artifactKey: Guid(327130d04c9f05344980c3900813b125) Importer(815301076,1909f56bfc062723c751e8b465ee728b)
Start importing Assets/Prefabs/TestRanged.prefab using Guid(327130d04c9f05344980c3900813b125) Importer(815301076,1909f56bfc062723c751e8b465ee728b)  -> (artifact id: 'da30c94d896298febf9eb8fc7e005bec') in 2.362678 seconds
  Import took 2.367033 seconds .

========================================================================
Received Import Request.
  Time since last request: 0.000472 seconds.
  path: Assets/Prefabs/BasementRooms/RoomTopBottom.prefab
  artifactKey: Guid(1517f73f7005e174298e3e5c8307c0e3) Importer(815301076,1909f56bfc062723c751e8b465ee728b)
Start importing Assets/Prefabs/BasementRooms/RoomTopBottom.prefab using Guid(1517f73f7005e174298e3e5c8307c0e3) Importer(815301076,1909f56bfc062723c751e8b465ee728b)  -> (artifact id: '0af88a6635e42bd59c36d19a00e9f90f') in 0.424823 seconds
  Import took 0.429594 seconds .

========================================================================
Received Import Request.
  Time since last request: 0.000496 seconds.
  path: Assets/Prefabs/BasementRooms/RoomLeftRight.prefab
  artifactKey: Guid(9fea8b5d6ca2e7244843315313356d6e) Importer(815301076,1909f56bfc062723c751e8b465ee728b)
Start importing Assets/Prefabs/BasementRooms/RoomLeftRight.prefab using Guid(9fea8b5d6ca2e7244843315313356d6e) Importer(815301076,1909f56bfc062723c751e8b465ee728b)  -> (artifact id: '88abd0c2178676d37d6814b948139228') in 0.975398 seconds
  Import took 0.981456 seconds .

========================================================================
Received Import Request.
  Time since last request: 0.000404 seconds.
  path: Assets/Prefabs/BasementRooms/RoomBottomLeft.prefab
  artifactKey: Guid(babba8383d70f7a40813f39444e35634) Importer(815301076,1909f56bfc062723c751e8b465ee728b)
Start importing Assets/Prefabs/BasementRooms/RoomBottomLeft.prefab using Guid(babba8383d70f7a40813f39444e35634) Importer(815301076,1909f56bfc062723c751e8b465ee728b)  -> (artifact id: '542a1199ff6fea7a05113275958e890c') in 0.832712 seconds
  Import took 0.838106 seconds .

========================================================================
Received Import Request.
  Time since last request: 0.000486 seconds.
  path: Assets/Prefabs/BasementRooms/RoomBottomRight.prefab
  artifactKey: Guid(06eadacf8561f234ebf0af2f00b001a2) Importer(815301076,1909f56bfc062723c751e8b465ee728b)
Start importing Assets/Prefabs/BasementRooms/RoomBottomRight.prefab using Guid(06eadacf8561f234ebf0af2f00b001a2) Importer(815301076,1909f56bfc062723c751e8b465ee728b)  -> (artifact id: '6b2dd4206de8a1fbc76daac41bbae378') in 1.374014 seconds
  Import took 1.378870 seconds .

========================================================================
Received Import Request.
  Time since last request: 0.000487 seconds.
  path: Assets/Prefabs
  artifactKey: Guid(0e908c6e570bd4343a40fb297219b6bd) Importer(815301076,1909f56bfc062723c751e8b465ee728b)
Start importing Assets/Prefabs using Guid(0e908c6e570bd4343a40fb297219b6bd) Importer(815301076,1909f56bfc062723c751e8b465ee728b)  -> (artifact id: 'ce6db2c8575f944da90cb8e40cfd2db4') in 0.020620 seconds
  Import took 0.024537 seconds .

========================================================================
Received Import Request.
  Time since last request: 0.000483 seconds.
  path: Assets/Prefabs/BasementRooms/RoomBase.prefab
  artifactKey: Guid(7c90d8e3877a7484b99fd58562aa1a89) Importer(815301076,1909f56bfc062723c751e8b465ee728b)
Start importing Assets/Prefabs/BasementRooms/RoomBase.prefab using Guid(7c90d8e3877a7484b99fd58562aa1a89) Importer(815301076,1909f56bfc062723c751e8b465ee728b)  -> (artifact id: '80408241732f54c1e2bb8c2066344509') in 0.325238 seconds
  Import took 0.329485 seconds .

========================================================================
Received Import Request.
  Time since last request: 0.000482 seconds.
  path: Assets/Prefabs/BasementRooms
  artifactKey: Guid(bcc5e606577c2f149890110b44233bfa) Importer(815301076,1909f56bfc062723c751e8b465ee728b)
Start importing Assets/Prefabs/BasementRooms using Guid(bcc5e606577c2f149890110b44233bfa) Importer(815301076,1909f56bfc062723c751e8b465ee728b)  -> (artifact id: '6025cc6948007f61c55dd2430761bb24') in 0.031704 seconds
  Import took 0.035976 seconds .

========================================================================
Received Import Request.
  Time since last request: 0.000461 seconds.
  path: Assets/Prefabs/BasementRooms/RoomRight.prefab
  artifactKey: Guid(f10f208b58a15084f9c3eb5c7dd16725) Importer(815301076,1909f56bfc062723c751e8b465ee728b)
Start importing Assets/Prefabs/BasementRooms/RoomRight.prefab using Guid(f10f208b58a15084f9c3eb5c7dd16725) Importer(815301076,1909f56bfc062723c751e8b465ee728b)  -> (artifact id: 'e34b371787981839f90ef1e662790983') in 2.642790 seconds
  Import took 2.646982 seconds .

========================================================================
Received Import Request.
  Time since last request: 0.000493 seconds.
  path: Assets/Prefabs/BasementRooms/BossRoom.prefab
  artifactKey: Guid(06f073f4bd58bd940a6771cc65100ea9) Importer(815301076,1909f56bfc062723c751e8b465ee728b)
Start importing Assets/Prefabs/BasementRooms/BossRoom.prefab using Guid(06f073f4bd58bd940a6771cc65100ea9) Importer(815301076,1909f56bfc062723c751e8b465ee728b)  -> (artifact id: '9679d310c0123615fbf772408f0aa663') in 0.650763 seconds
  Import took 0.655120 seconds .

========================================================================
Received Prepare
Registering precompiled user dll's ...
Registered in 0.001573 seconds.
Begin MonoManager ReloadAssembly
Native extension for WindowsStandalone target not found
Refreshing native plugins compatible for Editor in 0.46 ms, found 0 plugins.
Preloading 0 native plugins for Editor in 0.00 ms.
Invoked RoslynAnalysisRunner static constructor.
RoslynAnalysisRunner will not be running.
RoslynAnalysisRunner has terminated.
Mono: successfully reloaded assembly
- Completed reload, in  2.117 seconds
Platform modules already initialized, skipping
Refreshing native plugins compatible for Editor in 0.57 ms, found 0 plugins.
Preloading 0 native plugins for Editor in 0.00 ms.
Unloading 1151 Unused Serialized files (Serialized files now loaded: 0)
System memory in use before: 62.1 MB.
System memory in use after: 62.2 MB.

Unloading 4 unused Assets to reduce memory usage. Loaded Objects now: 1649.
Total: 3.587600 ms (FindLiveObjects: 0.273700 ms CreateObjectMapping: 0.099600 ms MarkObjects: 3.169200 ms  DeleteObjects: 0.042200 ms)

========================================================================
Received Prepare
Registering precompiled user dll's ...
Registered in 0.001965 seconds.
Begin MonoManager ReloadAssembly
Native extension for WindowsStandalone target not found
Refreshing native plugins compatible for Editor in 0.39 ms, found 0 plugins.
Preloading 0 native plugins for Editor in 0.00 ms.
Invoked RoslynAnalysisRunner static constructor.
RoslynAnalysisRunner will not be running.
RoslynAnalysisRunner has terminated.
Mono: successfully reloaded assembly
- Completed reload, in  2.511 seconds
Platform modules already initialized, skipping
Refreshing native plugins compatible for Editor in 0.60 ms, found 0 plugins.
Preloading 0 native plugins for Editor in 0.00 ms.
Unloading 1151 Unused Serialized files (Serialized files now loaded: 0)
System memory in use before: 62.1 MB.
System memory in use after: 62.2 MB.

Unloading 4 unused Assets to reduce memory usage. Loaded Objects now: 1651.
Total: 3.245600 ms (FindLiveObjects: 0.271200 ms CreateObjectMapping: 0.147200 ms MarkObjects: 2.793600 ms  DeleteObjects: 0.028600 ms)

========================================================================
Received Import Request.
  Time since last request: 305.000808 seconds.
  path: Assets/Resources/BossHolder.prefab
  artifactKey: Guid(66a9ec299e01e034faf63469af290529) Importer(815301076,1909f56bfc062723c751e8b465ee728b)
Start importing Assets/Resources/BossHolder.prefab using Guid(66a9ec299e01e034faf63469af290529) Importer(815301076,1909f56bfc062723c751e8b465ee728b)  -> (artifact id: '59e867f8c177f350ec022d54b207568c') in 0.685804 seconds
  Import took 0.692432 seconds .

========================================================================
Received Import Request.
  Time since last request: 35.481976 seconds.
  path: Assets/Resources/PlayerContainer.prefab
  artifactKey: Guid(11e6c84c9fc81e544accb9482a656960) Importer(815301076,1909f56bfc062723c751e8b465ee728b)
Start importing Assets/Resources/PlayerContainer.prefab using Guid(11e6c84c9fc81e544accb9482a656960) Importer(815301076,1909f56bfc062723c751e8b465ee728b)  -> (artifact id: '78be47ebd8f65405f99d62babfac32df') in 0.314116 seconds
  Import took 0.320523 seconds .

========================================================================
Received Prepare
Registering precompiled user dll's ...
Registered in 0.002255 seconds.
Begin MonoManager ReloadAssembly
Native extension for WindowsStandalone target not found
Refreshing native plugins compatible for Editor in 0.45 ms, found 0 plugins.
Preloading 0 native plugins for Editor in 0.00 ms.
Invoked RoslynAnalysisRunner static constructor.
RoslynAnalysisRunner will not be running.
RoslynAnalysisRunner has terminated.
Mono: successfully reloaded assembly
- Completed reload, in  2.527 seconds
Platform modules already initialized, skipping
Refreshing native plugins compatible for Editor in 0.59 ms, found 0 plugins.
Preloading 0 native plugins for Editor in 0.00 ms.
Unloading 1151 Unused Serialized files (Serialized files now loaded: 0)
System memory in use before: 62.2 MB.
System memory in use after: 62.3 MB.

Unloading 4 unused Assets to reduce memory usage. Loaded Objects now: 1656.
Total: 3.161400 ms (FindLiveObjects: 0.392800 ms CreateObjectMapping: 0.106600 ms MarkObjects: 2.629500 ms  DeleteObjects: 0.029000 ms)

