Using pre-set license
Built from '2020.2/staging' branch; Version is '2020.2.6f1 (8a2143876886) revision 9052483'; Using compiler version '192528614'; Build Type 'Release'
OS: 'Windows 10 Home; OS build 19041.804; Version 2004; 64bit' Language: 'en' Physical Memory: 3977 MB
BatchMode: 1, IsHumanControllingUs: 0, StartBugReporterOnCrash: 0, Is64bit: 1, IsPro: 0

 COMMAND LINE ARGUMENTS:
C:\Program Files\Unity\Hub\Editor\2020.2.6f1\Editor\Unity.exe
-adb2
-batchMode
-noUpm
-name
AssetImportWorker7
-projectPath
C:/Users/cwmca_000/Documents/classwork/proj dev/TheLichUsurper/TheLichUsurper
-logFile
Logs/AssetImportWorker7.log
-srvPort
59161
Successfully changed project path to: C:/Users/cwmca_000/Documents/classwork/proj dev/TheLichUsurper/TheLichUsurper
C:/Users/cwmca_000/Documents/classwork/proj dev/TheLichUsurper/TheLichUsurper
Using Asset Import Pipeline V2.
Refreshing native plugins compatible for Editor in 517.49 ms, found 0 plugins.
Preloading 0 native plugins for Editor in 0.00 ms.
Initialize engine version: 2020.2.6f1 (8a2143876886)
[Subsystems] Discovering subsystems at path C:/Program Files/Unity/Hub/Editor/2020.2.6f1/Editor/Data/Resources/UnitySubsystems
[Subsystems] Discovering subsystems at path C:/Users/cwmca_000/Documents/classwork/proj dev/TheLichUsurper/TheLichUsurper/Assets
GfxDevice: creating device client; threaded=0
Direct3D:
    Version:  Direct3D 11.0 [level 11.0]
    Renderer: Intel(R) HD Graphics 4000 (ID=0x166)
    Vendor:   
    VRAM:     128 MB
    Driver:   10.18.10.4358
Initialize mono
Mono path[0] = 'C:/Program Files/Unity/Hub/Editor/2020.2.6f1/Editor/Data/Managed'
Mono path[1] = 'C:/Program Files/Unity/Hub/Editor/2020.2.6f1/Editor/Data/MonoBleedingEdge/lib/mono/unityjit'
Mono config path = 'C:/Program Files/Unity/Hub/Editor/2020.2.6f1/Editor/Data/MonoBleedingEdge/etc'
Using monoOptions --debugger-agent=transport=dt_socket,embedding=1,server=y,suspend=n,address=127.0.0.1:56124
Begin MonoManager ReloadAssembly
Registering precompiled unity dll's ...
Register platform support module: C:/Program Files/Unity/Hub/Editor/2020.2.6f1/Editor/Data/PlaybackEngines/WindowsStandaloneSupport/UnityEditor.WindowsStandalone.Extensions.dll
Registered in 0.006625 seconds.
Native extension for WindowsStandalone target not found
Refreshing native plugins compatible for Editor in 83.80 ms, found 0 plugins.
Preloading 0 native plugins for Editor in 0.00 ms.
Invoked RoslynAnalysisRunner static constructor.
RoslynAnalysisRunner will not be running.
RoslynAnalysisRunner has terminated.
Mono: successfully reloaded assembly
- Completed reload, in  3.532 seconds
Platform modules already initialized, skipping
Registering precompiled user dll's ...
Registered in 0.002380 seconds.
Begin MonoManager ReloadAssembly
Native extension for WindowsStandalone target not found
Refreshing native plugins compatible for Editor in 0.39 ms, found 0 plugins.
Preloading 0 native plugins for Editor in 0.00 ms.
Invoked RoslynAnalysisRunner static constructor.
RoslynAnalysisRunner will not be running.
RoslynAnalysisRunner has terminated.
Mono: successfully reloaded assembly
- Completed reload, in  2.399 seconds
Platform modules already initialized, skipping
========================================================================
Worker process is ready to serve import requests
Launched and connected shader compiler UnityShaderCompiler.exe after 0.75 seconds
Refreshing native plugins compatible for Editor in 0.59 ms, found 0 plugins.
Preloading 0 native plugins for Editor in 0.00 ms.
Unloading 1157 Unused Serialized files (Serialized files now loaded: 0)
System memory in use before: 58.6 MB.
System memory in use after: 58.6 MB.

Unloading 9 unused Assets to reduce memory usage. Loaded Objects now: 1599.
Total: 3.271800 ms (FindLiveObjects: 0.297300 ms CreateObjectMapping: 0.095200 ms MarkObjects: 2.744600 ms  DeleteObjects: 0.131200 ms)

========================================================================
Received Import Request.
  path: Assets/Scenes/PlayScene.unity
  artifactKey: Guid(9fc0d4010bbf28b4594072e72b8655ab) Importer(815301076,1909f56bfc062723c751e8b465ee728b)
Start importing Assets/Scenes/PlayScene.unity using Guid(9fc0d4010bbf28b4594072e72b8655ab) Importer(815301076,1909f56bfc062723c751e8b465ee728b)  -> (artifact id: '5116908e9f1e3130327fa178c1c61765') in 0.854341 seconds
  Import took 0.859429 seconds .

========================================================================
Received Prepare
Registering precompiled user dll's ...
Registered in 0.050482 seconds.
Begin MonoManager ReloadAssembly
Native extension for WindowsStandalone target not found
Refreshing native plugins compatible for Editor in 0.46 ms, found 0 plugins.
Preloading 0 native plugins for Editor in 0.00 ms.
Invoked RoslynAnalysisRunner static constructor.
RoslynAnalysisRunner will not be running.
RoslynAnalysisRunner has terminated.
Mono: successfully reloaded assembly
- Completed reload, in  6.239 seconds
Platform modules already initialized, skipping
Refreshing native plugins compatible for Editor in 0.67 ms, found 0 plugins.
Preloading 0 native plugins for Editor in 0.00 ms.
Unloading 1151 Unused Serialized files (Serialized files now loaded: 0)
System memory in use before: 58.4 MB.
System memory in use after: 58.5 MB.

Unloading 4 unused Assets to reduce memory usage. Loaded Objects now: 1601.
Total: 3.644600 ms (FindLiveObjects: 0.314400 ms CreateObjectMapping: 0.163100 ms MarkObjects: 3.118400 ms  DeleteObjects: 0.045900 ms)

========================================================================
Received Import Request.
  Time since last request: 239.258400 seconds.
  path: Assets/Resources/TestRanged.prefab
  artifactKey: Guid(6a3679e4e62a1804e8a28c3d03657346) Importer(815301076,1909f56bfc062723c751e8b465ee728b)
Start importing Assets/Resources/TestRanged.prefab using Guid(6a3679e4e62a1804e8a28c3d03657346) Importer(815301076,1909f56bfc062723c751e8b465ee728b)  -> (artifact id: '0ab6d05b4617d5d53a425ece2ea23a3f') in 3.795103 seconds
  Import took 3.801325 seconds .

========================================================================
Received Import Request.
  Time since last request: 0.000445 seconds.
  path: Assets/Prefabs/TestMelee.prefab
  artifactKey: Guid(4adc01e72cf53ed4eb7dc795c327c194) Importer(815301076,1909f56bfc062723c751e8b465ee728b)
Start importing Assets/Prefabs/TestMelee.prefab using Guid(4adc01e72cf53ed4eb7dc795c327c194) Importer(815301076,1909f56bfc062723c751e8b465ee728b)  -> (artifact id: '6ee935e84b8fdcd2fa9376556d8c706d') in 0.572760 seconds
  Import took 0.578396 seconds .

========================================================================
Received Import Request.
  Time since last request: 0.000384 seconds.
  path: Assets/Sprites/PlayerSprite
  artifactKey: Guid(7ab171681ab5dfb408fae44bae68e91d) Importer(815301076,1909f56bfc062723c751e8b465ee728b)
Start importing Assets/Sprites/PlayerSprite using Guid(7ab171681ab5dfb408fae44bae68e91d) Importer(815301076,1909f56bfc062723c751e8b465ee728b)  -> (artifact id: '687df59cf9a0c9d14bdd932f3925611d') in 0.617862 seconds
  Import took 0.628598 seconds .

========================================================================
Received Import Request.
  Time since last request: 0.000510 seconds.
  path: Assets/Prefabs/TestRanged.prefab
  artifactKey: Guid(327130d04c9f05344980c3900813b125) Importer(815301076,1909f56bfc062723c751e8b465ee728b)
Start importing Assets/Prefabs/TestRanged.prefab using Guid(327130d04c9f05344980c3900813b125) Importer(815301076,1909f56bfc062723c751e8b465ee728b)  -> (artifact id: '281909333f1f4ef8e624f71bc0ff275a') in 0.103316 seconds
  Import took 0.215972 seconds .

========================================================================
Received Import Request.
  Time since last request: 0.000407 seconds.
  path: Assets/Resources/TestTurret.prefab
  artifactKey: Guid(63a278ead832b224c886e76032c7d629) Importer(815301076,1909f56bfc062723c751e8b465ee728b)
Start importing Assets/Resources/TestTurret.prefab using Guid(63a278ead832b224c886e76032c7d629) Importer(815301076,1909f56bfc062723c751e8b465ee728b)  -> (artifact id: '86089ae4599cd1ffe88cbf4052d843ca') in 0.358660 seconds
  Import took 0.419320 seconds .

========================================================================
Received Import Request.
  Time since last request: 0.000403 seconds.
  path: Assets/Resources/BossHolder.prefab
  artifactKey: Guid(66a9ec299e01e034faf63469af290529) Importer(815301076,1909f56bfc062723c751e8b465ee728b)
Start importing Assets/Resources/BossHolder.prefab using Guid(66a9ec299e01e034faf63469af290529) Importer(815301076,1909f56bfc062723c751e8b465ee728b)  -> (artifact id: 'fee108d31aebea2198ee336ca6ff2d39') in 0.915662 seconds
  Import took 0.921991 seconds .

========================================================================
Received Import Request.
  Time since last request: 0.000391 seconds.
  path: Assets/Resources/TestProjectile.prefab
  artifactKey: Guid(0a6eca5d9ab486e4d9e5b2cc774b72a5) Importer(815301076,1909f56bfc062723c751e8b465ee728b)
Start importing Assets/Resources/TestProjectile.prefab using Guid(0a6eca5d9ab486e4d9e5b2cc774b72a5) Importer(815301076,1909f56bfc062723c751e8b465ee728b)  -> (artifact id: '9eb14b6d44bb85a22fed534894bb9e0c') in 2.920048 seconds
  Import took 2.925175 seconds .

========================================================================
Received Import Request.
  Time since last request: 0.000448 seconds.
  path: Assets/Resources/TestMelee.prefab
  artifactKey: Guid(5c5d0dbae424abf45b379800ef94a175) Importer(815301076,1909f56bfc062723c751e8b465ee728b)
Start importing Assets/Resources/TestMelee.prefab using Guid(5c5d0dbae424abf45b379800ef94a175) Importer(815301076,1909f56bfc062723c751e8b465ee728b)  -> (artifact id: 'ab91fe297cd966c82b92c9fdbfdd6462') in 1.289920 seconds
  Import took 1.294510 seconds .

========================================================================
Received Import Request.
  Time since last request: 194.154792 seconds.
  path: Assets/Sprites/PlayerSprite/Sword
  artifactKey: Guid(e2ceca2be2cd56e41891f8cbf7f64bca) Importer(815301076,1909f56bfc062723c751e8b465ee728b)
Start importing Assets/Sprites/PlayerSprite/Sword using Guid(e2ceca2be2cd56e41891f8cbf7f64bca) Importer(815301076,1909f56bfc062723c751e8b465ee728b)  -> (artifact id: '0d92da10ebfe8d0b25a430c62f91b06c') in 0.279891 seconds
  Import took 0.287484 seconds .

========================================================================
Received Import Request.
  Time since last request: 0.000418 seconds.
  path: Assets/Sprites/PlayerSprite/Sword/Lich_Sword_DiagDownRight.png
  artifactKey: Guid(2c21645515d025e49bc14e0e6edcc13a) Importer(815301076,1909f56bfc062723c751e8b465ee728b)
Start importing Assets/Sprites/PlayerSprite/Sword/Lich_Sword_DiagDownRight.png using Guid(2c21645515d025e49bc14e0e6edcc13a) Importer(815301076,1909f56bfc062723c751e8b465ee728b)  -> (artifact id: '1c76c14e9f2808aa3ace23cedbfb3de7') in 2.384980 seconds
  Import took 2.392773 seconds .

========================================================================
Received Import Request.
  Time since last request: 0.000437 seconds.
  path: Assets/Sprites/PlayerSprite/Sword/Lich_Sword_DiagUpRight.png
  artifactKey: Guid(9a729a8f849fae64ba5f9c0a5007e5c5) Importer(815301076,1909f56bfc062723c751e8b465ee728b)
Start importing Assets/Sprites/PlayerSprite/Sword/Lich_Sword_DiagUpRight.png using Guid(9a729a8f849fae64ba5f9c0a5007e5c5) Importer(815301076,1909f56bfc062723c751e8b465ee728b)  -> (artifact id: '71af6a89364ced24be533073e80593c8') in 0.176192 seconds
  Import took 0.182353 seconds .

========================================================================
Received Import Request.
  Time since last request: 0.000141 seconds.
  path: Assets/Sprites/PlayerSprite/Sword/Lich_Sword_Left.png
  artifactKey: Guid(9f0f654b505e4ce4b980dc138f4d5cec) Importer(815301076,1909f56bfc062723c751e8b465ee728b)
Start importing Assets/Sprites/PlayerSprite/Sword/Lich_Sword_Left.png using Guid(9f0f654b505e4ce4b980dc138f4d5cec) Importer(815301076,1909f56bfc062723c751e8b465ee728b)  -> (artifact id: '112759031e57bc3573799d72fd69adac') in 0.162925 seconds
  Import took 0.168422 seconds .

========================================================================
Received Import Request.
  Time since last request: 0.000374 seconds.
  path: Assets/Sprites/PlayerSprite/Sword/Lich_Sword_Up.png
  artifactKey: Guid(77f5341f6a5e0b84c84a79e612927170) Importer(815301076,1909f56bfc062723c751e8b465ee728b)
Start importing Assets/Sprites/PlayerSprite/Sword/Lich_Sword_Up.png using Guid(77f5341f6a5e0b84c84a79e612927170) Importer(815301076,1909f56bfc062723c751e8b465ee728b)  -> (artifact id: '75612b878e6c07c739d22756323e4250') in 0.154385 seconds
  Import took 0.160504 seconds .

========================================================================
Received Import Request.
  Time since last request: 0.000376 seconds.
  path: Assets/Sprites/PlayerSprite/Sword/Lich_Sword_Down.png
  artifactKey: Guid(e0f74efa59a94da4d8a64ececf3dc242) Importer(815301076,1909f56bfc062723c751e8b465ee728b)
Start importing Assets/Sprites/PlayerSprite/Sword/Lich_Sword_Down.png using Guid(e0f74efa59a94da4d8a64ececf3dc242) Importer(815301076,1909f56bfc062723c751e8b465ee728b)  -> (artifact id: '28e009ba16e376ab99623c09fa6b64fa') in 0.122782 seconds
  Import took 0.129035 seconds .

========================================================================
Received Import Request.
  Time since last request: 0.000372 seconds.
  path: Assets/Sprites/PlayerSprite/Sword/Lich_Sword_Right.png
  artifactKey: Guid(e1841fc623cf4d240be2a372fa17581f) Importer(815301076,1909f56bfc062723c751e8b465ee728b)
Start importing Assets/Sprites/PlayerSprite/Sword/Lich_Sword_Right.png using Guid(e1841fc623cf4d240be2a372fa17581f) Importer(815301076,1909f56bfc062723c751e8b465ee728b)  -> (artifact id: '1ea371ee3c4b965de3598ae3b890359d') in 0.156232 seconds
  Import took 0.162139 seconds .

========================================================================
Received Import Request.
  Time since last request: 0.000402 seconds.
  path: Assets/Sprites/PlayerSprite/Sword/Lich_Sword_DiagUpLeft.png
  artifactKey: Guid(538c28888b8965d4ca2d4af40c1c028a) Importer(815301076,1909f56bfc062723c751e8b465ee728b)
Start importing Assets/Sprites/PlayerSprite/Sword/Lich_Sword_DiagUpLeft.png using Guid(538c28888b8965d4ca2d4af40c1c028a) Importer(815301076,1909f56bfc062723c751e8b465ee728b)  -> (artifact id: '1b7aeb30942dba59be2d5c3e807643d9') in 0.117002 seconds
  Import took 0.123582 seconds .

========================================================================
Received Import Request.
  Time since last request: 0.000535 seconds.
  path: Assets/Sprites/PlayerSprite/Sword/Lich_Sword_DiagDownLeft.png
  artifactKey: Guid(62909e023891cb843ae4ea7fe3e8f723) Importer(815301076,1909f56bfc062723c751e8b465ee728b)
Start importing Assets/Sprites/PlayerSprite/Sword/Lich_Sword_DiagDownLeft.png using Guid(62909e023891cb843ae4ea7fe3e8f723) Importer(815301076,1909f56bfc062723c751e8b465ee728b)  -> (artifact id: '080b099386832679d19e77e65ec918c6') in 0.159633 seconds
  Import took 0.164609 seconds .

========================================================================
Received Import Request.
  Time since last request: 0.095020 seconds.
  path: Assets/Sprites/PlayerSprite/Wand
  artifactKey: Guid(f6a0379c763900e49961cc4797b12044) Importer(815301076,1909f56bfc062723c751e8b465ee728b)
Start importing Assets/Sprites/PlayerSprite/Wand using Guid(f6a0379c763900e49961cc4797b12044) Importer(815301076,1909f56bfc062723c751e8b465ee728b)  -> (artifact id: '6a53616e32daafc41f9bbad4178bf43f') in 0.050161 seconds
  Import took 0.055560 seconds .

========================================================================
Received Import Request.
  Time since last request: 0.000760 seconds.
  path: Assets/Sprites/PlayerSprite/Wand/Lich_Wand_Left.png
  artifactKey: Guid(44818532efef864489368aa8a5a39fdf) Importer(815301076,1909f56bfc062723c751e8b465ee728b)
Start importing Assets/Sprites/PlayerSprite/Wand/Lich_Wand_Left.png using Guid(44818532efef864489368aa8a5a39fdf) Importer(815301076,1909f56bfc062723c751e8b465ee728b)  -> (artifact id: 'adc446944dcf60dec08c7a44e5485205') in 0.151845 seconds
  Import took 0.156294 seconds .

========================================================================
Received Import Request.
  Time since last request: 0.000527 seconds.
  path: Assets/Sprites/PlayerSprite/Wand/Lich_Wand_DiagUpRight.png
  artifactKey: Guid(e8163b2230b7acb40878e671e1d0efea) Importer(815301076,1909f56bfc062723c751e8b465ee728b)
Start importing Assets/Sprites/PlayerSprite/Wand/Lich_Wand_DiagUpRight.png using Guid(e8163b2230b7acb40878e671e1d0efea) Importer(815301076,1909f56bfc062723c751e8b465ee728b)  -> (artifact id: '14151e2acd460b4efac09809aadf4e1a') in 0.620474 seconds
  Import took 0.625367 seconds .

========================================================================
Received Import Request.
  Time since last request: 0.000121 seconds.
  path: Assets/Sprites/PlayerSprite/Wand/Lich_Wand_Up.png
  artifactKey: Guid(526a07d1faa8dc94fb11c62a68acaccf) Importer(815301076,1909f56bfc062723c751e8b465ee728b)
Start importing Assets/Sprites/PlayerSprite/Wand/Lich_Wand_Up.png using Guid(526a07d1faa8dc94fb11c62a68acaccf) Importer(815301076,1909f56bfc062723c751e8b465ee728b)  -> (artifact id: '3a27e5de9c83c24369f31c28502f9808') in 0.237895 seconds
  Import took 0.244723 seconds .

========================================================================
Received Import Request.
  Time since last request: 0.000396 seconds.
  path: Assets/Sprites/PlayerSprite/Wand/Lich_Wand_Down.png
  artifactKey: Guid(6a143e8c105a3d24799965819b933bd2) Importer(815301076,1909f56bfc062723c751e8b465ee728b)
Start importing Assets/Sprites/PlayerSprite/Wand/Lich_Wand_Down.png using Guid(6a143e8c105a3d24799965819b933bd2) Importer(815301076,1909f56bfc062723c751e8b465ee728b)  -> (artifact id: '8457a0b0004aaee82b61bc54d90a1d56') in 0.122316 seconds
  Import took 0.128248 seconds .

========================================================================
Received Import Request.
  Time since last request: 0.000406 seconds.
  path: Assets/Sprites/PlayerSprite/Wand/Lich_Wand_Right.png
  artifactKey: Guid(687047b66840d0f44b2501edce03960b) Importer(815301076,1909f56bfc062723c751e8b465ee728b)
Start importing Assets/Sprites/PlayerSprite/Wand/Lich_Wand_Right.png using Guid(687047b66840d0f44b2501edce03960b) Importer(815301076,1909f56bfc062723c751e8b465ee728b)  -> (artifact id: 'ab8a54fee91c01622c7a151229c3eb56') in 0.143006 seconds
  Import took 0.148012 seconds .

========================================================================
Received Import Request.
  Time since last request: 0.000387 seconds.
  path: Assets/Sprites/PlayerSprite/Wand/Lich_Wand_DiagDownLeft.png
  artifactKey: Guid(00c1d04c18c6b2d47860b0193b41513e) Importer(815301076,1909f56bfc062723c751e8b465ee728b)
Start importing Assets/Sprites/PlayerSprite/Wand/Lich_Wand_DiagDownLeft.png using Guid(00c1d04c18c6b2d47860b0193b41513e) Importer(815301076,1909f56bfc062723c751e8b465ee728b)  -> (artifact id: 'aaf35cfc2295f0b7bdcd0e0858ed5a67') in 0.122802 seconds
  Import took 0.128537 seconds .

========================================================================
Received Import Request.
  Time since last request: 0.000381 seconds.
  path: Assets/Sprites/PlayerSprite/Wand/Lich_Wand_DiagDownRight.png
  artifactKey: Guid(7d662b140dd5fec4ab0736c7aba27e8e) Importer(815301076,1909f56bfc062723c751e8b465ee728b)
Start importing Assets/Sprites/PlayerSprite/Wand/Lich_Wand_DiagDownRight.png using Guid(7d662b140dd5fec4ab0736c7aba27e8e) Importer(815301076,1909f56bfc062723c751e8b465ee728b)  -> (artifact id: 'ef9301a01017a01989c31b27a2ccffa7') in 0.116939 seconds
  Import took 0.122122 seconds .

========================================================================
Received Import Request.
  Time since last request: 0.000429 seconds.
  path: Assets/Sprites/PlayerSprite/Wand/Lich_Wand_DiagUpLeft.png
  artifactKey: Guid(3ebd251c3c77eaf42beee2f1a3ad56fb) Importer(815301076,1909f56bfc062723c751e8b465ee728b)
Start importing Assets/Sprites/PlayerSprite/Wand/Lich_Wand_DiagUpLeft.png using Guid(3ebd251c3c77eaf42beee2f1a3ad56fb) Importer(815301076,1909f56bfc062723c751e8b465ee728b)  -> (artifact id: '6d9102da792c5324d72e1a7bad58632a') in 0.111492 seconds
  Import took 0.117239 seconds .

========================================================================
Received Import Request.
  Time since last request: 1.526649 seconds.
  path: Assets/Sprites/PlayerSprite/IdleAnimation
  artifactKey: Guid(b096a739dd38dc8448eb4087e30b76cd) Importer(815301076,1909f56bfc062723c751e8b465ee728b)
Start importing Assets/Sprites/PlayerSprite/IdleAnimation using Guid(b096a739dd38dc8448eb4087e30b76cd) Importer(815301076,1909f56bfc062723c751e8b465ee728b)  -> (artifact id: '3cf182bb0e954f77ee95258b511bb034') in 0.052857 seconds
  Import took 0.058241 seconds .

========================================================================
Received Import Request.
  Time since last request: 0.221989 seconds.
  path: Assets/Sprites/PlayerSprite/IdleAnimation/Lich_Idle_DiagDownLeft.png
  artifactKey: Guid(8d8c3a78f3e98d9469a98943e1592d7b) Importer(815301076,1909f56bfc062723c751e8b465ee728b)
Start importing Assets/Sprites/PlayerSprite/IdleAnimation/Lich_Idle_DiagDownLeft.png using Guid(8d8c3a78f3e98d9469a98943e1592d7b) Importer(815301076,1909f56bfc062723c751e8b465ee728b)  -> (artifact id: 'df75d3fee47ef75a6a5e6322bb30905b') in 1.533735 seconds
  Import took 1.537979 seconds .

========================================================================
Received Import Request.
  Time since last request: 0.000436 seconds.
  path: Assets/Sprites/PlayerSprite/IdleAnimation/Lich_Idle_Right.png
  artifactKey: Guid(b569526e19778f74084dd0b5a6fc4579) Importer(815301076,1909f56bfc062723c751e8b465ee728b)
Start importing Assets/Sprites/PlayerSprite/IdleAnimation/Lich_Idle_Right.png using Guid(b569526e19778f74084dd0b5a6fc4579) Importer(815301076,1909f56bfc062723c751e8b465ee728b)  -> (artifact id: '6525f6aa8cb5917ff98c78358070540c') in 0.210894 seconds
  Import took 0.217416 seconds .

========================================================================
Received Import Request.
  Time since last request: 0.000378 seconds.
  path: Assets/Sprites/PlayerSprite/IdleAnimation/Lich_Idle_DiagDownRight.png
  artifactKey: Guid(0d40264233326ce46b34b2fb4dea6674) Importer(815301076,1909f56bfc062723c751e8b465ee728b)
Start importing Assets/Sprites/PlayerSprite/IdleAnimation/Lich_Idle_DiagDownRight.png using Guid(0d40264233326ce46b34b2fb4dea6674) Importer(815301076,1909f56bfc062723c751e8b465ee728b)  -> (artifact id: '33205ce74c3e07e2d85541c009e8cefd') in 0.151641 seconds
  Import took 0.157776 seconds .

========================================================================
Received Import Request.
  Time since last request: 0.000478 seconds.
  path: Assets/Sprites/PlayerSprite/IdleAnimation/Lich_Idle_DiagUpRight.png
  artifactKey: Guid(05cca858f4c8ed3488760694cb89c806) Importer(815301076,1909f56bfc062723c751e8b465ee728b)
Start importing Assets/Sprites/PlayerSprite/IdleAnimation/Lich_Idle_DiagUpRight.png using Guid(05cca858f4c8ed3488760694cb89c806) Importer(815301076,1909f56bfc062723c751e8b465ee728b)  -> (artifact id: '5ad5d6d6821f0760224db16ec308b10c') in 0.112804 seconds
  Import took 0.118308 seconds .

========================================================================
Received Import Request.
  Time since last request: 0.000460 seconds.
  path: Assets/Sprites/PlayerSprite/IdleAnimation/Lich_Idle_Up.png
  artifactKey: Guid(de3362bbf07371b4f9c14ecda71c92a0) Importer(815301076,1909f56bfc062723c751e8b465ee728b)
Start importing Assets/Sprites/PlayerSprite/IdleAnimation/Lich_Idle_Up.png using Guid(de3362bbf07371b4f9c14ecda71c92a0) Importer(815301076,1909f56bfc062723c751e8b465ee728b)  -> (artifact id: 'e1e5cd64f151a581e66e1725e0eff406') in 0.162026 seconds
  Import took 0.168041 seconds .

========================================================================
Received Import Request.
  Time since last request: 0.000408 seconds.
  path: Assets/Sprites/PlayerSprite/IdleAnimation/Lich_Idle_DiagUpLeft.png
  artifactKey: Guid(aaf6f114f0e514e4e9cac4338a1fc6e9) Importer(815301076,1909f56bfc062723c751e8b465ee728b)
Start importing Assets/Sprites/PlayerSprite/IdleAnimation/Lich_Idle_DiagUpLeft.png using Guid(aaf6f114f0e514e4e9cac4338a1fc6e9) Importer(815301076,1909f56bfc062723c751e8b465ee728b)  -> (artifact id: '3cc46469f292cc75afd4e2c9244bf66d') in 0.131496 seconds
  Import took 0.137802 seconds .

========================================================================
Received Import Request.
  Time since last request: 0.000473 seconds.
  path: Assets/Sprites/PlayerSprite/IdleAnimation/Lich_Idle_Down.png
  artifactKey: Guid(c2e14c80fe34f414f8ba75d3b3a39027) Importer(815301076,1909f56bfc062723c751e8b465ee728b)
Start importing Assets/Sprites/PlayerSprite/IdleAnimation/Lich_Idle_Down.png using Guid(c2e14c80fe34f414f8ba75d3b3a39027) Importer(815301076,1909f56bfc062723c751e8b465ee728b)  -> (artifact id: 'b46324edfc058402802a7faa5cfd2b1f') in 0.120362 seconds
  Import took 0.126471 seconds .

========================================================================
Received Import Request.
  Time since last request: 0.000378 seconds.
  path: Assets/Sprites/PlayerSprite/IdleAnimation/Lich_Idle_Left.png
  artifactKey: Guid(0ad9f36d99769874486e5019eb919d28) Importer(815301076,1909f56bfc062723c751e8b465ee728b)
Start importing Assets/Sprites/PlayerSprite/IdleAnimation/Lich_Idle_Left.png using Guid(0ad9f36d99769874486e5019eb919d28) Importer(815301076,1909f56bfc062723c751e8b465ee728b)  -> (artifact id: 'a8b396d4f81a2094fcad4c4062a65c1b') in 0.128851 seconds
  Import took 0.133919 seconds .

========================================================================
Received Import Request.
  Time since last request: 52.050956 seconds.
  path: Assets/Scenes/GameOverScene.unity
  artifactKey: Guid(09bda1906e510f74b9baec1bf282e144) Importer(815301076,1909f56bfc062723c751e8b465ee728b)
Start importing Assets/Scenes/GameOverScene.unity using Guid(09bda1906e510f74b9baec1bf282e144) Importer(815301076,1909f56bfc062723c751e8b465ee728b)  -> (artifact id: '4371e06162b3e96327aa719ec068b800') in 0.082281 seconds
  Import took 0.087825 seconds .

========================================================================
Received Import Request.
  Time since last request: 111.259910 seconds.
  path: Assets/Scenes/TitleScene.unity
  artifactKey: Guid(1f2af0e0effaa8f4d89a6c3e0acf7509) Importer(815301076,1909f56bfc062723c751e8b465ee728b)
Start importing Assets/Scenes/TitleScene.unity using Guid(1f2af0e0effaa8f4d89a6c3e0acf7509) Importer(815301076,1909f56bfc062723c751e8b465ee728b)  -> (artifact id: 'f9c7ab9638d1585a6dadd06382e1daab') in 0.077795 seconds
  Import took 0.091171 seconds .

========================================================================
Received Prepare
Registering precompiled user dll's ...
Registered in 0.002165 seconds.
Begin MonoManager ReloadAssembly
Native extension for WindowsStandalone target not found
Refreshing native plugins compatible for Editor in 0.50 ms, found 0 plugins.
Preloading 0 native plugins for Editor in 0.00 ms.
Invoked RoslynAnalysisRunner static constructor.
RoslynAnalysisRunner will not be running.
RoslynAnalysisRunner has terminated.
Mono: successfully reloaded assembly
- Completed reload, in  3.096 seconds
Platform modules already initialized, skipping
Refreshing native plugins compatible for Editor in 0.46 ms, found 0 plugins.
Preloading 0 native plugins for Editor in 0.00 ms.
Unloading 1151 Unused Serialized files (Serialized files now loaded: 0)
System memory in use before: 61.6 MB.
System memory in use after: 61.7 MB.

Unloading 4 unused Assets to reduce memory usage. Loaded Objects now: 1615.
Total: 3.215300 ms (FindLiveObjects: 0.296200 ms CreateObjectMapping: 0.092400 ms MarkObjects: 2.794100 ms  DeleteObjects: 0.029200 ms)

========================================================================
Received Import Request.
  Time since last request: 473.821915 seconds.
  path: Assets/Scenes/Levels/Dungeon/DungeonMain.unity
  artifactKey: Guid(b854cc597a82b4d438231d98d372ad5e) Importer(815301076,1909f56bfc062723c751e8b465ee728b)
Start importing Assets/Scenes/Levels/Dungeon/DungeonMain.unity using Guid(b854cc597a82b4d438231d98d372ad5e) Importer(815301076,1909f56bfc062723c751e8b465ee728b)  -> (artifact id: '50fd408b14c18b66951e6df51a7e06a8') in 0.078598 seconds
  Import took 0.085238 seconds .

========================================================================
Received Import Request.
  Time since last request: 134.719607 seconds.
  path: Assets/Prefabs/BasementRooms/BossRoom.prefab
  artifactKey: Guid(06f073f4bd58bd940a6771cc65100ea9) Importer(815301076,1909f56bfc062723c751e8b465ee728b)
Start importing Assets/Prefabs/BasementRooms/BossRoom.prefab using Guid(06f073f4bd58bd940a6771cc65100ea9) Importer(815301076,1909f56bfc062723c751e8b465ee728b)  -> (artifact id: 'fe525b9fe25528fcae9a214c7a12ccd0') in 1.119257 seconds
  Import took 1.126318 seconds .

========================================================================
Received Prepare
Registering precompiled user dll's ...
Registered in 0.348511 seconds.
Begin MonoManager ReloadAssembly
Native extension for WindowsStandalone target not found
Refreshing native plugins compatible for Editor in 0.40 ms, found 0 plugins.
Preloading 0 native plugins for Editor in 0.00 ms.
Invoked RoslynAnalysisRunner static constructor.
RoslynAnalysisRunner will not be running.
RoslynAnalysisRunner has terminated.
Mono: successfully reloaded assembly
- Completed reload, in  2.134 seconds
Platform modules already initialized, skipping
Refreshing native plugins compatible for Editor in 0.39 ms, found 0 plugins.
Preloading 0 native plugins for Editor in 0.00 ms.
Unloading 1151 Unused Serialized files (Serialized files now loaded: 0)
System memory in use before: 61.7 MB.
System memory in use after: 61.8 MB.

Unloading 4 unused Assets to reduce memory usage. Loaded Objects now: 1618.
Total: 4.414800 ms (FindLiveObjects: 0.294600 ms CreateObjectMapping: 0.088700 ms MarkObjects: 3.985400 ms  DeleteObjects: 0.042600 ms)

AssetImportWorkerClient::OnTransportError - code=2 error=End of file
