Using pre-set license
Built from '2020.2/staging' branch; Version is '2020.2.6f1 (8a2143876886) revision 9052483'; Using compiler version '192528614'; Build Type 'Release'
OS: 'Windows 10 Home; OS build 19041.804; Version 2004; 64bit' Language: 'en' Physical Memory: 3977 MB
BatchMode: 1, IsHumanControllingUs: 0, StartBugReporterOnCrash: 0, Is64bit: 1, IsPro: 0

 COMMAND LINE ARGUMENTS:
C:\Program Files\Unity\Hub\Editor\2020.2.6f1\Editor\Unity.exe
-adb2
-batchMode
-noUpm
-name
AssetImportWorker4
-projectPath
C:/Users/cwmca_000/Documents/classwork/proj dev/TheLichUsurper/TheLichUsurper
-logFile
Logs/AssetImportWorker4.log
-srvPort
62024
Successfully changed project path to: C:/Users/cwmca_000/Documents/classwork/proj dev/TheLichUsurper/TheLichUsurper
C:/Users/cwmca_000/Documents/classwork/proj dev/TheLichUsurper/TheLichUsurper
Using Asset Import Pipeline V2.
Refreshing native plugins compatible for Editor in 281.47 ms, found 0 plugins.
Preloading 0 native plugins for Editor in 0.00 ms.
Initialize engine version: 2020.2.6f1 (8a2143876886)
[Subsystems] Discovering subsystems at path C:/Program Files/Unity/Hub/Editor/2020.2.6f1/Editor/Data/Resources/UnitySubsystems
[Subsystems] Discovering subsystems at path C:/Users/cwmca_000/Documents/classwork/proj dev/TheLichUsurper/TheLichUsurper/Assets
GfxDevice: creating device client; threaded=0
Direct3D:
    Version:  Direct3D 11.0 [level 11.0]
    Renderer: Intel(R) HD Graphics 4000 (ID=0x166)
    Vendor:   
    VRAM:     128 MB
    Driver:   10.18.10.4358
Initialize mono
Mono path[0] = 'C:/Program Files/Unity/Hub/Editor/2020.2.6f1/Editor/Data/Managed'
Mono path[1] = 'C:/Program Files/Unity/Hub/Editor/2020.2.6f1/Editor/Data/MonoBleedingEdge/lib/mono/unityjit'
Mono config path = 'C:/Program Files/Unity/Hub/Editor/2020.2.6f1/Editor/Data/MonoBleedingEdge/etc'
Using monoOptions --debugger-agent=transport=dt_socket,embedding=1,server=y,suspend=n,address=127.0.0.1:56196
Begin MonoManager ReloadAssembly
Registering precompiled unity dll's ...
Register platform support module: C:/Program Files/Unity/Hub/Editor/2020.2.6f1/Editor/Data/PlaybackEngines/WindowsStandaloneSupport/UnityEditor.WindowsStandalone.Extensions.dll
Registered in 0.006624 seconds.
Native extension for WindowsStandalone target not found
Refreshing native plugins compatible for Editor in 70.07 ms, found 0 plugins.
Preloading 0 native plugins for Editor in 0.00 ms.
Invoked RoslynAnalysisRunner static constructor.
RoslynAnalysisRunner will not be running.
RoslynAnalysisRunner has terminated.
Mono: successfully reloaded assembly
- Completed reload, in  4.011 seconds
Platform modules already initialized, skipping
Registering precompiled user dll's ...
Registered in 0.002040 seconds.
Begin MonoManager ReloadAssembly
Native extension for WindowsStandalone target not found
Refreshing native plugins compatible for Editor in 0.64 ms, found 0 plugins.
Preloading 0 native plugins for Editor in 0.00 ms.
Invoked RoslynAnalysisRunner static constructor.
RoslynAnalysisRunner will not be running.
RoslynAnalysisRunner has terminated.
Mono: successfully reloaded assembly
- Completed reload, in  2.807 seconds
Platform modules already initialized, skipping
========================================================================
Worker process is ready to serve import requests
Launched and connected shader compiler UnityShaderCompiler.exe after 0.73 seconds
Refreshing native plugins compatible for Editor in 0.60 ms, found 0 plugins.
Preloading 0 native plugins for Editor in 0.00 ms.
Unloading 1157 Unused Serialized files (Serialized files now loaded: 0)
System memory in use before: 58.6 MB.
System memory in use after: 58.7 MB.

Unloading 9 unused Assets to reduce memory usage. Loaded Objects now: 1599.
Total: 4.610000 ms (FindLiveObjects: 0.256600 ms CreateObjectMapping: 0.177200 ms MarkObjects: 3.999900 ms  DeleteObjects: 0.173100 ms)

========================================================================
Received Import Request.
  path: Assets/Prefabs/BasementRooms/RoomTopRight.prefab
  artifactKey: Guid(8c2b032d0488b2f4a9619a51598e6ff6) Importer(815301076,1909f56bfc062723c751e8b465ee728b)
Start importing Assets/Prefabs/BasementRooms/RoomTopRight.prefab using Guid(8c2b032d0488b2f4a9619a51598e6ff6) Importer(815301076,1909f56bfc062723c751e8b465ee728b)  -> (artifact id: '2ed958e7aacd7338155bcedba3fc1621') in 1.457877 seconds
  Import took 1.497419 seconds .

========================================================================
Received Import Request.
  Time since last request: 0.000453 seconds.
  path: Assets/Prefabs/BasementRooms/RoomLeft.prefab
  artifactKey: Guid(bfb99b4ecb1aab646af35bce6e9228b2) Importer(815301076,1909f56bfc062723c751e8b465ee728b)
Start importing Assets/Prefabs/BasementRooms/RoomLeft.prefab using Guid(bfb99b4ecb1aab646af35bce6e9228b2) Importer(815301076,1909f56bfc062723c751e8b465ee728b)  -> (artifact id: 'ad5bf317de6b43528bbb43ae1c2d311c') in 0.203968 seconds
  Import took 0.226551 seconds .

========================================================================
Received Import Request.
  Time since last request: 0.000466 seconds.
  path: Assets/Resources/TestRanged.prefab
  artifactKey: Guid(6a3679e4e62a1804e8a28c3d03657346) Importer(815301076,1909f56bfc062723c751e8b465ee728b)
Start importing Assets/Resources/TestRanged.prefab using Guid(6a3679e4e62a1804e8a28c3d03657346) Importer(815301076,1909f56bfc062723c751e8b465ee728b)  -> (artifact id: '8b80c55aabf03897aecc9f9fde9a61b0') in 0.231286 seconds
  Import took 0.267728 seconds .

========================================================================
Received Import Request.
  Time since last request: 0.000516 seconds.
  path: Assets/Sprites/cobblestone_room1.png
  artifactKey: Guid(6c7d08ee34128444b973a35b76a8776a) Importer(815301076,1909f56bfc062723c751e8b465ee728b)
Start importing Assets/Sprites/cobblestone_room1.png using Guid(6c7d08ee34128444b973a35b76a8776a) Importer(815301076,1909f56bfc062723c751e8b465ee728b)  -> (artifact id: '11c8e5b9c25fd16d252a0c42cb95a245') in 1.065941 seconds
  Import took 1.075373 seconds .

========================================================================
Received Import Request.
  Time since last request: 0.000439 seconds.
  path: Assets/Prefabs/TestMelee.prefab
  artifactKey: Guid(4adc01e72cf53ed4eb7dc795c327c194) Importer(815301076,1909f56bfc062723c751e8b465ee728b)
Start importing Assets/Prefabs/TestMelee.prefab using Guid(4adc01e72cf53ed4eb7dc795c327c194) Importer(815301076,1909f56bfc062723c751e8b465ee728b)  -> (artifact id: '7220e262f32bef788da17b575a111a8f') in 0.220891 seconds
  Import took 0.280170 seconds .

========================================================================
Received Import Request.
  Time since last request: 0.000422 seconds.
  path: Assets/Prefabs/BasementRooms/RoomBottom.prefab
  artifactKey: Guid(be4dfba9b1ccab74ab1a1e72e668c69d) Importer(815301076,1909f56bfc062723c751e8b465ee728b)
Start importing Assets/Prefabs/BasementRooms/RoomBottom.prefab using Guid(be4dfba9b1ccab74ab1a1e72e668c69d) Importer(815301076,1909f56bfc062723c751e8b465ee728b)  -> (artifact id: '488f7bda608ebb33372c3349719133cc') in 0.177384 seconds
  Import took 0.182334 seconds .

========================================================================
Received Import Request.
  Time since last request: 0.000401 seconds.
  path: Assets/Prefabs/BasementRooms/RoomTopLeft.prefab
  artifactKey: Guid(3e5eec89e4904b149b1c1627ec08eaf4) Importer(815301076,1909f56bfc062723c751e8b465ee728b)
Start importing Assets/Prefabs/BasementRooms/RoomTopLeft.prefab using Guid(3e5eec89e4904b149b1c1627ec08eaf4) Importer(815301076,1909f56bfc062723c751e8b465ee728b)  -> (artifact id: '390864f1c49a7b4b7d31e6a8da862b07') in 0.227849 seconds
  Import took 0.274497 seconds .

========================================================================
Received Import Request.
  Time since last request: 0.000434 seconds.
  path: Assets/Sprites/cobblestone_door.png
  artifactKey: Guid(d38124a737b360f49b82cad1d7cda954) Importer(815301076,1909f56bfc062723c751e8b465ee728b)
Start importing Assets/Sprites/cobblestone_door.png using Guid(d38124a737b360f49b82cad1d7cda954) Importer(815301076,1909f56bfc062723c751e8b465ee728b)  -> (artifact id: '5c68afdd3baab545d6b6e242e44c42ef') in 0.234405 seconds
  Import took 0.239106 seconds .

========================================================================
Received Import Request.
  Time since last request: 0.000452 seconds.
  path: Assets/Prefabs/BasementRooms/RoomTop.prefab
  artifactKey: Guid(a25e930fba65bb746bffee527c9d5e5b) Importer(815301076,1909f56bfc062723c751e8b465ee728b)
Start importing Assets/Prefabs/BasementRooms/RoomTop.prefab using Guid(a25e930fba65bb746bffee527c9d5e5b) Importer(815301076,1909f56bfc062723c751e8b465ee728b)  -> (artifact id: '8e8e64ae1307754a5a327612e96700c2') in 0.214232 seconds
  Import took 0.219385 seconds .

========================================================================
Received Import Request.
  Time since last request: 0.000453 seconds.
  path: Assets/Prefabs/TestRanged.prefab
  artifactKey: Guid(327130d04c9f05344980c3900813b125) Importer(815301076,1909f56bfc062723c751e8b465ee728b)
Start importing Assets/Prefabs/TestRanged.prefab using Guid(327130d04c9f05344980c3900813b125) Importer(815301076,1909f56bfc062723c751e8b465ee728b)  -> (artifact id: '553dd7c944ef3f255cba06123edb0a70') in 0.203642 seconds
  Import took 0.208377 seconds .

========================================================================
Received Import Request.
  Time since last request: 0.000431 seconds.
  path: Assets/Prefabs/BasementRooms/RoomTopBottom.prefab
  artifactKey: Guid(1517f73f7005e174298e3e5c8307c0e3) Importer(815301076,1909f56bfc062723c751e8b465ee728b)
Start importing Assets/Prefabs/BasementRooms/RoomTopBottom.prefab using Guid(1517f73f7005e174298e3e5c8307c0e3) Importer(815301076,1909f56bfc062723c751e8b465ee728b)  -> (artifact id: 'b54aa56e253860c43dda888cfecf5f9c') in 0.150579 seconds
  Import took 0.198403 seconds .

========================================================================
Received Import Request.
  Time since last request: 0.000744 seconds.
  path: Assets/Resources/TestTurret.prefab
  artifactKey: Guid(63a278ead832b224c886e76032c7d629) Importer(815301076,1909f56bfc062723c751e8b465ee728b)
Start importing Assets/Resources/TestTurret.prefab using Guid(63a278ead832b224c886e76032c7d629) Importer(815301076,1909f56bfc062723c751e8b465ee728b)  -> (artifact id: 'd1b75afdc7335d2b68ecdab93c246bac') in 0.167025 seconds
  Import took 0.197695 seconds .

========================================================================
Received Import Request.
  Time since last request: 0.000440 seconds.
  path: Assets/Prefabs/BasementRooms/RoomLeftRight.prefab
  artifactKey: Guid(9fea8b5d6ca2e7244843315313356d6e) Importer(815301076,1909f56bfc062723c751e8b465ee728b)
Start importing Assets/Prefabs/BasementRooms/RoomLeftRight.prefab using Guid(9fea8b5d6ca2e7244843315313356d6e) Importer(815301076,1909f56bfc062723c751e8b465ee728b)  -> (artifact id: '63158f5f5988624d0345967ae4ef62fd') in 0.194951 seconds
  Import took 0.257381 seconds .

========================================================================
Received Import Request.
  Time since last request: 0.000367 seconds.
  path: Assets/Prefabs/BasementRooms/RoomBottomLeft.prefab
  artifactKey: Guid(babba8383d70f7a40813f39444e35634) Importer(815301076,1909f56bfc062723c751e8b465ee728b)
Start importing Assets/Prefabs/BasementRooms/RoomBottomLeft.prefab using Guid(babba8383d70f7a40813f39444e35634) Importer(815301076,1909f56bfc062723c751e8b465ee728b)  -> (artifact id: 'dddfc078b1ddfee78f667727f8843172') in 0.229486 seconds
  Import took 0.280068 seconds .

========================================================================
Received Import Request.
  Time since last request: 0.000423 seconds.
  path: Assets/Prefabs/BasementRooms/RoomBottomRight.prefab
  artifactKey: Guid(06eadacf8561f234ebf0af2f00b001a2) Importer(815301076,1909f56bfc062723c751e8b465ee728b)
Start importing Assets/Prefabs/BasementRooms/RoomBottomRight.prefab using Guid(06eadacf8561f234ebf0af2f00b001a2) Importer(815301076,1909f56bfc062723c751e8b465ee728b)  -> (artifact id: '34dbdc15a088309b0bf4a8cc453c270b') in 0.130110 seconds
  Import took 0.172884 seconds .

========================================================================
Received Import Request.
  Time since last request: 0.000347 seconds.
  path: Assets/Resources/BossHolder.prefab
  artifactKey: Guid(66a9ec299e01e034faf63469af290529) Importer(815301076,1909f56bfc062723c751e8b465ee728b)
Start importing Assets/Resources/BossHolder.prefab using Guid(66a9ec299e01e034faf63469af290529) Importer(815301076,1909f56bfc062723c751e8b465ee728b)  -> (artifact id: '2cee52f7845d084058300e31c83857a7') in 0.410052 seconds
  Import took 0.416488 seconds .

========================================================================
Received Import Request.
  Time since last request: 0.000290 seconds.
  path: Assets/Prefabs/BasementRooms/RoomBase.prefab
  artifactKey: Guid(7c90d8e3877a7484b99fd58562aa1a89) Importer(815301076,1909f56bfc062723c751e8b465ee728b)
Start importing Assets/Prefabs/BasementRooms/RoomBase.prefab using Guid(7c90d8e3877a7484b99fd58562aa1a89) Importer(815301076,1909f56bfc062723c751e8b465ee728b)  -> (artifact id: '97138b465369cc55a6618cc35b5643e8') in 0.071177 seconds
  Import took 0.109481 seconds .

========================================================================
Received Import Request.
  Time since last request: 0.000406 seconds.
  path: Assets/Prefabs/BasementRooms/RoomRight.prefab
  artifactKey: Guid(f10f208b58a15084f9c3eb5c7dd16725) Importer(815301076,1909f56bfc062723c751e8b465ee728b)
Start importing Assets/Prefabs/BasementRooms/RoomRight.prefab using Guid(f10f208b58a15084f9c3eb5c7dd16725) Importer(815301076,1909f56bfc062723c751e8b465ee728b)  -> (artifact id: '4a6d37927a06ed9c5b8bcc13f687470b') in 0.127344 seconds
  Import took 0.132184 seconds .

========================================================================
Received Import Request.
  Time since last request: 0.000419 seconds.
  path: Assets/Resources/TestProjectile.prefab
  artifactKey: Guid(0a6eca5d9ab486e4d9e5b2cc774b72a5) Importer(815301076,1909f56bfc062723c751e8b465ee728b)
Start importing Assets/Resources/TestProjectile.prefab using Guid(0a6eca5d9ab486e4d9e5b2cc774b72a5) Importer(815301076,1909f56bfc062723c751e8b465ee728b)  -> (artifact id: '7a33125a2c12dae1eeee2b82ee92fcbf') in 0.112062 seconds
  Import took 0.116233 seconds .

========================================================================
Received Import Request.
  Time since last request: 0.000413 seconds.
  path: Assets/Sprites/cobblestone_door_locked.png
  artifactKey: Guid(5c66c22c591615248bca84282681b7b5) Importer(815301076,1909f56bfc062723c751e8b465ee728b)
Start importing Assets/Sprites/cobblestone_door_locked.png using Guid(5c66c22c591615248bca84282681b7b5) Importer(815301076,1909f56bfc062723c751e8b465ee728b)  -> (artifact id: 'aaeaaa19ba83abb9373b1a9ae56a9d3b') in 0.050047 seconds
  Import took 0.054538 seconds .

========================================================================
Received Import Request.
  Time since last request: 0.000728 seconds.
  path: Assets/Prefabs/BasementRooms/BossRoom.prefab
  artifactKey: Guid(06f073f4bd58bd940a6771cc65100ea9) Importer(815301076,1909f56bfc062723c751e8b465ee728b)
Start importing Assets/Prefabs/BasementRooms/BossRoom.prefab using Guid(06f073f4bd58bd940a6771cc65100ea9) Importer(815301076,1909f56bfc062723c751e8b465ee728b)  -> (artifact id: 'a9ba948d6264246ba056d2e97c9a67a3') in 0.240596 seconds
  Import took 0.279567 seconds .

========================================================================
Received Import Request.
  Time since last request: 0.000527 seconds.
  path: Assets/Resources/TestMelee.prefab
  artifactKey: Guid(5c5d0dbae424abf45b379800ef94a175) Importer(815301076,1909f56bfc062723c751e8b465ee728b)
Start importing Assets/Resources/TestMelee.prefab using Guid(5c5d0dbae424abf45b379800ef94a175) Importer(815301076,1909f56bfc062723c751e8b465ee728b)  -> (artifact id: '6ae5766cb5fd7b50036b1ab570d61a95') in 0.123154 seconds
  Import took 0.127910 seconds .

========================================================================
Received Prepare
Refreshing native plugins compatible for Editor in 2.63 ms, found 0 plugins.
Preloading 0 native plugins for Editor in 0.00 ms.
Unloading 2 Unused Serialized files (Serialized files now loaded: 0)
System memory in use before: 38.9 MB.
System memory in use after: 39.0 MB.

Unloading 2 unused Assets to reduce memory usage. Loaded Objects now: 1611.
Total: 4.836900 ms (FindLiveObjects: 0.243400 ms CreateObjectMapping: 0.137300 ms MarkObjects: 4.426700 ms  DeleteObjects: 0.026100 ms)

========================================================================
Received Import Request.
  Time since last request: 1168.522265 seconds.
  path: Assets/Sprites/PlayerSprite/Wand
  artifactKey: Guid(f6a0379c763900e49961cc4797b12044) Importer(815301076,1909f56bfc062723c751e8b465ee728b)
Start importing Assets/Sprites/PlayerSprite/Wand using Guid(f6a0379c763900e49961cc4797b12044) Importer(815301076,1909f56bfc062723c751e8b465ee728b)  -> (artifact id: '6a53616e32daafc41f9bbad4178bf43f') in 1.431072 seconds
  Import took 1.635129 seconds .

========================================================================
Received Import Request.
  Time since last request: 3.236459 seconds.
  path: Assets/Sprites/PlayerSprite/Run
  artifactKey: Guid(f0fa75bc116d43c4baf8669b439e5722) Importer(815301076,1909f56bfc062723c751e8b465ee728b)
Start importing Assets/Sprites/PlayerSprite/Run using Guid(f0fa75bc116d43c4baf8669b439e5722) Importer(815301076,1909f56bfc062723c751e8b465ee728b)  -> (artifact id: 'a45f9c908ff3aaa3f75ce183ee012de0') in 0.061123 seconds
  Import took 0.067882 seconds .

========================================================================
Received Import Request.
  Time since last request: 8.956771 seconds.
  path: Assets/Sprites/PlayerSprite/Hit
  artifactKey: Guid(c3450dd7f72d51e49a731338f6b9b019) Importer(815301076,1909f56bfc062723c751e8b465ee728b)
Start importing Assets/Sprites/PlayerSprite/Hit using Guid(c3450dd7f72d51e49a731338f6b9b019) Importer(815301076,1909f56bfc062723c751e8b465ee728b)  -> (artifact id: '009bd16d7ded8ba02003259ff1f5940e') in 0.047370 seconds
  Import took 0.053897 seconds .

========================================================================
Received Import Request.
  Time since last request: 0.644032 seconds.
  path: Assets/Sprites/PlayerSprite/Hit
  artifactKey: Guid(c3450dd7f72d51e49a731338f6b9b019) Importer(815301076,1909f56bfc062723c751e8b465ee728b)
Start importing Assets/Sprites/PlayerSprite/Hit using Guid(c3450dd7f72d51e49a731338f6b9b019) Importer(815301076,1909f56bfc062723c751e8b465ee728b)  -> (artifact id: '009bd16d7ded8ba02003259ff1f5940e') in 0.045911 seconds
  Import took 0.079349 seconds .

========================================================================
Received Prepare
Registering precompiled user dll's ...
Registered in 0.034323 seconds.
Begin MonoManager ReloadAssembly
Native extension for WindowsStandalone target not found
Refreshing native plugins compatible for Editor in 19.13 ms, found 0 plugins.
Preloading 0 native plugins for Editor in 0.00 ms.
Invoked RoslynAnalysisRunner static constructor.
RoslynAnalysisRunner will not be running.
RoslynAnalysisRunner has terminated.
Mono: successfully reloaded assembly
- Completed reload, in  3.204 seconds
Platform modules already initialized, skipping
Refreshing native plugins compatible for Editor in 0.63 ms, found 0 plugins.
Preloading 0 native plugins for Editor in 0.00 ms.
Unloading 1151 Unused Serialized files (Serialized files now loaded: 0)
System memory in use before: 61.7 MB.
System memory in use after: 61.8 MB.

Unloading 4 unused Assets to reduce memory usage. Loaded Objects now: 1613.
Total: 217.313100 ms (FindLiveObjects: 8.796800 ms CreateObjectMapping: 0.153500 ms MarkObjects: 208.265300 ms  DeleteObjects: 0.089600 ms)

========================================================================
Received Prepare
Registering precompiled user dll's ...
Registered in 0.002450 seconds.
Begin MonoManager ReloadAssembly
Native extension for WindowsStandalone target not found
Refreshing native plugins compatible for Editor in 0.38 ms, found 0 plugins.
Preloading 0 native plugins for Editor in 0.00 ms.
Invoked RoslynAnalysisRunner static constructor.
RoslynAnalysisRunner will not be running.
RoslynAnalysisRunner has terminated.
Mono: successfully reloaded assembly
- Completed reload, in  2.022 seconds
Platform modules already initialized, skipping
Refreshing native plugins compatible for Editor in 0.59 ms, found 0 plugins.
Preloading 0 native plugins for Editor in 0.00 ms.
Unloading 1151 Unused Serialized files (Serialized files now loaded: 0)
System memory in use before: 61.8 MB.
System memory in use after: 61.9 MB.

Unloading 4 unused Assets to reduce memory usage. Loaded Objects now: 1615.
Total: 3.307600 ms (FindLiveObjects: 0.237000 ms CreateObjectMapping: 0.135600 ms MarkObjects: 2.905400 ms  DeleteObjects: 0.026900 ms)

========================================================================
Received Prepare
Registering precompiled user dll's ...
Registered in 0.001546 seconds.
Begin MonoManager ReloadAssembly
Native extension for WindowsStandalone target not found
Refreshing native plugins compatible for Editor in 0.56 ms, found 0 plugins.
Preloading 0 native plugins for Editor in 0.00 ms.
Invoked RoslynAnalysisRunner static constructor.
RoslynAnalysisRunner will not be running.
RoslynAnalysisRunner has terminated.
Mono: successfully reloaded assembly
- Completed reload, in  2.020 seconds
Platform modules already initialized, skipping
Refreshing native plugins compatible for Editor in 0.42 ms, found 0 plugins.
Preloading 0 native plugins for Editor in 0.00 ms.
Unloading 1151 Unused Serialized files (Serialized files now loaded: 0)
System memory in use before: 61.8 MB.
System memory in use after: 61.9 MB.

Unloading 4 unused Assets to reduce memory usage. Loaded Objects now: 1617.
Total: 2.746000 ms (FindLiveObjects: 0.217700 ms CreateObjectMapping: 0.084800 ms MarkObjects: 2.411300 ms  DeleteObjects: 0.029400 ms)

AssetImportWorkerClient::OnTransportError - code=2 error=End of file
