Using pre-set license
Built from '2020.2/staging' branch; Version is '2020.2.6f1 (8a2143876886) revision 9052483'; Using compiler version '192528614'; Build Type 'Release'
OS: 'Windows 10 Home; OS build 19041.804; Version 2004; 64bit' Language: 'en' Physical Memory: 3977 MB
BatchMode: 1, IsHumanControllingUs: 0, StartBugReporterOnCrash: 0, Is64bit: 1, IsPro: 0

 COMMAND LINE ARGUMENTS:
C:\Program Files\Unity\Hub\Editor\2020.2.6f1\Editor\Unity.exe
-adb2
-batchMode
-noUpm
-name
AssetImportWorker4
-projectPath
C:/Users/cwmca_000/Documents/classwork/proj dev/TheLichUsurper/TheLichUsurper
-logFile
Logs/AssetImportWorker4.log
-srvPort
63287
Successfully changed project path to: C:/Users/cwmca_000/Documents/classwork/proj dev/TheLichUsurper/TheLichUsurper
C:/Users/cwmca_000/Documents/classwork/proj dev/TheLichUsurper/TheLichUsurper
Using Asset Import Pipeline V2.
Refreshing native plugins compatible for Editor in 281.47 ms, found 0 plugins.
Preloading 0 native plugins for Editor in 0.00 ms.
Initialize engine version: 2020.2.6f1 (8a2143876886)
[Subsystems] Discovering subsystems at path C:/Program Files/Unity/Hub/Editor/2020.2.6f1/Editor/Data/Resources/UnitySubsystems
[Subsystems] Discovering subsystems at path C:/Users/cwmca_000/Documents/classwork/proj dev/TheLichUsurper/TheLichUsurper/Assets
GfxDevice: creating device client; threaded=0
Direct3D:
    Version:  Direct3D 11.0 [level 11.0]
    Renderer: Intel(R) HD Graphics 4000 (ID=0x166)
    Vendor:   
    VRAM:     128 MB
    Driver:   10.18.10.4358
Initialize mono
Mono path[0] = 'C:/Program Files/Unity/Hub/Editor/2020.2.6f1/Editor/Data/Managed'
Mono path[1] = 'C:/Program Files/Unity/Hub/Editor/2020.2.6f1/Editor/Data/MonoBleedingEdge/lib/mono/unityjit'
Mono config path = 'C:/Program Files/Unity/Hub/Editor/2020.2.6f1/Editor/Data/MonoBleedingEdge/etc'
Using monoOptions --debugger-agent=transport=dt_socket,embedding=1,server=y,suspend=n,address=127.0.0.1:56908
Begin MonoManager ReloadAssembly
Registering precompiled unity dll's ...
Register platform support module: C:/Program Files/Unity/Hub/Editor/2020.2.6f1/Editor/Data/PlaybackEngines/WindowsStandaloneSupport/UnityEditor.WindowsStandalone.Extensions.dll
Registered in 0.004931 seconds.
Native extension for WindowsStandalone target not found
Refreshing native plugins compatible for Editor in 65.35 ms, found 0 plugins.
Preloading 0 native plugins for Editor in 0.00 ms.
Invoked RoslynAnalysisRunner static constructor.
RoslynAnalysisRunner will not be running.
RoslynAnalysisRunner has terminated.
Mono: successfully reloaded assembly
- Completed reload, in  2.923 seconds
Platform modules already initialized, skipping
Registering precompiled user dll's ...
Registered in 0.001722 seconds.
Begin MonoManager ReloadAssembly
Native extension for WindowsStandalone target not found
Refreshing native plugins compatible for Editor in 0.58 ms, found 0 plugins.
Preloading 0 native plugins for Editor in 0.00 ms.
Invoked RoslynAnalysisRunner static constructor.
RoslynAnalysisRunner will not be running.
RoslynAnalysisRunner has terminated.
Mono: successfully reloaded assembly
- Completed reload, in  3.563 seconds
Platform modules already initialized, skipping
========================================================================
Worker process is ready to serve import requests
Launched and connected shader compiler UnityShaderCompiler.exe after 3.97 seconds
Refreshing native plugins compatible for Editor in 0.44 ms, found 0 plugins.
Preloading 0 native plugins for Editor in 0.00 ms.
Unloading 1157 Unused Serialized files (Serialized files now loaded: 0)
System memory in use before: 58.7 MB.
System memory in use after: 58.7 MB.

Unloading 9 unused Assets to reduce memory usage. Loaded Objects now: 1601.
Total: 349.372600 ms (FindLiveObjects: 0.244700 ms CreateObjectMapping: 0.160300 ms MarkObjects: 324.222000 ms  DeleteObjects: 24.740700 ms)

========================================================================
Received Import Request.
  path: Packages/com.unity.textmeshpro/Editor Resources/Gizmos/TMP - Dropdown Icon.psd
  artifactKey: Guid(a7ec9e7ad8b847b7ae4510af83c5d868) Importer(815301076,1909f56bfc062723c751e8b465ee728b)
Start importing Packages/com.unity.textmeshpro/Editor Resources/Gizmos/TMP - Dropdown Icon.psd using Guid(a7ec9e7ad8b847b7ae4510af83c5d868) Importer(815301076,1909f56bfc062723c751e8b465ee728b)  -> (artifact id: '84815901ad591071524e278d95ba88d2') in 8.324338 seconds
  Import took 8.418006 seconds .

========================================================================
Received Import Request.
  Time since last request: 2482.496746 seconds.
  path: Assets/Sprites/PlayerSprite/IdleAnimation/Lich_Idle_DiagDownRight_0.controller
  artifactKey: Guid(75fe20b561898d24390cbdf8c7a6e77d) Importer(815301076,1909f56bfc062723c751e8b465ee728b)
Start importing Assets/Sprites/PlayerSprite/IdleAnimation/Lich_Idle_DiagDownRight_0.controller using Guid(75fe20b561898d24390cbdf8c7a6e77d) Importer(815301076,1909f56bfc062723c751e8b465ee728b)  -> (artifact id: 'b631af685980088944e7782c04d4ad96') in 0.441055 seconds
  Import took 0.452304 seconds .

========================================================================
Received Prepare
Registering precompiled user dll's ...
Registered in 0.001546 seconds.
Begin MonoManager ReloadAssembly
Native extension for WindowsStandalone target not found
Refreshing native plugins compatible for Editor in 0.44 ms, found 0 plugins.
Preloading 0 native plugins for Editor in 0.00 ms.
Invoked RoslynAnalysisRunner static constructor.
RoslynAnalysisRunner will not be running.
RoslynAnalysisRunner has terminated.
Mono: successfully reloaded assembly
- Completed reload, in  1.995 seconds
Platform modules already initialized, skipping
Refreshing native plugins compatible for Editor in 0.55 ms, found 0 plugins.
Preloading 0 native plugins for Editor in 0.00 ms.
Unloading 1151 Unused Serialized files (Serialized files now loaded: 0)
System memory in use before: 58.6 MB.
System memory in use after: 58.7 MB.

Unloading 4 unused Assets to reduce memory usage. Loaded Objects now: 1605.
Total: 2.966800 ms (FindLiveObjects: 0.226400 ms CreateObjectMapping: 0.085700 ms MarkObjects: 2.611300 ms  DeleteObjects: 0.040700 ms)

========================================================================
Received Import Request.
  Time since last request: 2323.930680 seconds.
  path: Assets/Sprites/Materials/TestEnemy.mat
  artifactKey: Guid(a87afea8a91615247933254763957668) Importer(815301076,1909f56bfc062723c751e8b465ee728b)
Start importing Assets/Sprites/Materials/TestEnemy.mat using Guid(a87afea8a91615247933254763957668) Importer(815301076,1909f56bfc062723c751e8b465ee728b)  -> (artifact id: '89b50de79fc59733e690fcbe0dc063a7') in 2.780476 seconds
  Import took 2.788337 seconds .

========================================================================
Received Import Request.
  Time since last request: 244.101826 seconds.
  path: Assets/Scripts/pausing.cs
  artifactKey: Guid(13cb2cc244f4f964ca81db9423153e5c) Importer(815301076,1909f56bfc062723c751e8b465ee728b)
Start importing Assets/Scripts/pausing.cs using Guid(13cb2cc244f4f964ca81db9423153e5c) Importer(815301076,1909f56bfc062723c751e8b465ee728b)  -> (artifact id: 'e8ac0b13014635e0ac1feaae18c40490') in 0.357699 seconds
  Import took 0.365402 seconds .

========================================================================
Received Prepare
Registering precompiled user dll's ...
Registered in 0.003144 seconds.
Begin MonoManager ReloadAssembly
Native extension for WindowsStandalone target not found
Refreshing native plugins compatible for Editor in 0.39 ms, found 0 plugins.
Preloading 0 native plugins for Editor in 0.00 ms.
Invoked RoslynAnalysisRunner static constructor.
RoslynAnalysisRunner will not be running.
RoslynAnalysisRunner has terminated.
Mono: successfully reloaded assembly
- Completed reload, in  2.913 seconds
Platform modules already initialized, skipping
Refreshing native plugins compatible for Editor in 0.64 ms, found 0 plugins.
Preloading 0 native plugins for Editor in 0.00 ms.
Unloading 1151 Unused Serialized files (Serialized files now loaded: 0)
System memory in use before: 61.9 MB.
System memory in use after: 62.0 MB.

Unloading 4 unused Assets to reduce memory usage. Loaded Objects now: 1646.
Total: 3.265500 ms (FindLiveObjects: 0.219600 ms CreateObjectMapping: 0.098000 ms MarkObjects: 2.905500 ms  DeleteObjects: 0.038300 ms)

========================================================================
Received Import Request.
  Time since last request: 354.650975 seconds.
  path: Assets/Prefabs/TestMelee.prefab
  artifactKey: Guid(4adc01e72cf53ed4eb7dc795c327c194) Importer(815301076,1909f56bfc062723c751e8b465ee728b)
Start importing Assets/Prefabs/TestMelee.prefab using Guid(4adc01e72cf53ed4eb7dc795c327c194) Importer(815301076,1909f56bfc062723c751e8b465ee728b)  -> (artifact id: 'a70ea492997d0e343802d88ce852a2ea') in 0.618619 seconds
  Import took 0.630363 seconds .

========================================================================
Received Import Request.
  Time since last request: 0.000184 seconds.
  path: Assets/Prefabs/TestRanged.prefab
  artifactKey: Guid(327130d04c9f05344980c3900813b125) Importer(815301076,1909f56bfc062723c751e8b465ee728b)
Start importing Assets/Prefabs/TestRanged.prefab using Guid(327130d04c9f05344980c3900813b125) Importer(815301076,1909f56bfc062723c751e8b465ee728b)  -> (artifact id: '9fc4320e3c673718202f05d35730cf29') in 0.121604 seconds
  Import took 0.128432 seconds .

========================================================================
Received Import Request.
  Time since last request: 2.009099 seconds.
  path: Assets/Prefabs/BasementRooms/RoomBase.prefab
  artifactKey: Guid(7c90d8e3877a7484b99fd58562aa1a89) Importer(815301076,1909f56bfc062723c751e8b465ee728b)
Start importing Assets/Prefabs/BasementRooms/RoomBase.prefab using Guid(7c90d8e3877a7484b99fd58562aa1a89) Importer(815301076,1909f56bfc062723c751e8b465ee728b)  -> (artifact id: '0eba9f5c80c8daf471caf04f07ebdcff') in 0.203462 seconds
  Import took 0.212256 seconds .

========================================================================
Received Import Request.
  Time since last request: 0.000440 seconds.
  path: Assets/Prefabs/BasementRooms/RoomTopRight.prefab
  artifactKey: Guid(8c2b032d0488b2f4a9619a51598e6ff6) Importer(815301076,1909f56bfc062723c751e8b465ee728b)
Start importing Assets/Prefabs/BasementRooms/RoomTopRight.prefab using Guid(8c2b032d0488b2f4a9619a51598e6ff6) Importer(815301076,1909f56bfc062723c751e8b465ee728b)  -> (artifact id: '47031f76887b1d831fa0ad6bf6e98b9c') in 0.126356 seconds
  Import took 0.134174 seconds .

========================================================================
Received Import Request.
  Time since last request: 0.000366 seconds.
  path: Assets/Prefabs/BasementRooms/RoomLeft.prefab
  artifactKey: Guid(bfb99b4ecb1aab646af35bce6e9228b2) Importer(815301076,1909f56bfc062723c751e8b465ee728b)
Start importing Assets/Prefabs/BasementRooms/RoomLeft.prefab using Guid(bfb99b4ecb1aab646af35bce6e9228b2) Importer(815301076,1909f56bfc062723c751e8b465ee728b)  -> (artifact id: 'a5f2fd84d6a0895201f7488bfe3bb6d3') in 0.093485 seconds
  Import took 0.101369 seconds .

========================================================================
Received Import Request.
  Time since last request: 0.000416 seconds.
  path: Assets/Prefabs/BasementRooms/RoomBoss.prefab
  artifactKey: Guid(459ad4a46f776774ab3944b72ae55603) Importer(815301076,1909f56bfc062723c751e8b465ee728b)
Start importing Assets/Prefabs/BasementRooms/RoomBoss.prefab using Guid(459ad4a46f776774ab3944b72ae55603) Importer(815301076,1909f56bfc062723c751e8b465ee728b)  -> (artifact id: 'a2906350a2a3ad09e58cb519d04c4153') in 0.158273 seconds
  Import took 0.163040 seconds .

========================================================================
Received Import Request.
  Time since last request: 0.000388 seconds.
  path: Assets/Prefabs/BasementRooms/RoomBottom.prefab
  artifactKey: Guid(be4dfba9b1ccab74ab1a1e72e668c69d) Importer(815301076,1909f56bfc062723c751e8b465ee728b)
Start importing Assets/Prefabs/BasementRooms/RoomBottom.prefab using Guid(be4dfba9b1ccab74ab1a1e72e668c69d) Importer(815301076,1909f56bfc062723c751e8b465ee728b)  -> (artifact id: 'f29aa30220fac31066b952e91dbc4527') in 0.120607 seconds
  Import took 0.126057 seconds .

========================================================================
Received Import Request.
  Time since last request: 0.000385 seconds.
  path: Assets/Prefabs/BasementRooms/RoomTopLeft.prefab
  artifactKey: Guid(3e5eec89e4904b149b1c1627ec08eaf4) Importer(815301076,1909f56bfc062723c751e8b465ee728b)
Start importing Assets/Prefabs/BasementRooms/RoomTopLeft.prefab using Guid(3e5eec89e4904b149b1c1627ec08eaf4) Importer(815301076,1909f56bfc062723c751e8b465ee728b)  -> (artifact id: 'bc3b4dfe9ed35f853c2881997253916d') in 0.172998 seconds
  Import took 0.179507 seconds .

========================================================================
Received Import Request.
  Time since last request: 0.000460 seconds.
  path: Assets/Prefabs/BasementRooms/RoomTop.prefab
  artifactKey: Guid(a25e930fba65bb746bffee527c9d5e5b) Importer(815301076,1909f56bfc062723c751e8b465ee728b)
Start importing Assets/Prefabs/BasementRooms/RoomTop.prefab using Guid(a25e930fba65bb746bffee527c9d5e5b) Importer(815301076,1909f56bfc062723c751e8b465ee728b)  -> (artifact id: '53a708d57619f9315a5b97e8e15eb933') in 0.108999 seconds
  Import took 0.114613 seconds .

========================================================================
Received Import Request.
  Time since last request: 0.000407 seconds.
  path: Assets/Prefabs/BasementRooms/RoomTopBottom.prefab
  artifactKey: Guid(1517f73f7005e174298e3e5c8307c0e3) Importer(815301076,1909f56bfc062723c751e8b465ee728b)
Start importing Assets/Prefabs/BasementRooms/RoomTopBottom.prefab using Guid(1517f73f7005e174298e3e5c8307c0e3) Importer(815301076,1909f56bfc062723c751e8b465ee728b)  -> (artifact id: '3fe455dbb997f71303fd3b62cb578021') in 0.083020 seconds
  Import took 0.090189 seconds .

========================================================================
Received Import Request.
  Time since last request: 0.000353 seconds.
  path: Assets/Prefabs/BasementRooms/RoomLeftRight.prefab
  artifactKey: Guid(9fea8b5d6ca2e7244843315313356d6e) Importer(815301076,1909f56bfc062723c751e8b465ee728b)
Start importing Assets/Prefabs/BasementRooms/RoomLeftRight.prefab using Guid(9fea8b5d6ca2e7244843315313356d6e) Importer(815301076,1909f56bfc062723c751e8b465ee728b)  -> (artifact id: '9f85ef45b0728f667ccd642702a25d45') in 0.103148 seconds
  Import took 0.108903 seconds .

========================================================================
Received Import Request.
  Time since last request: 0.000364 seconds.
  path: Assets/Prefabs/BasementRooms/RoomBottomLeft.prefab
  artifactKey: Guid(babba8383d70f7a40813f39444e35634) Importer(815301076,1909f56bfc062723c751e8b465ee728b)
Start importing Assets/Prefabs/BasementRooms/RoomBottomLeft.prefab using Guid(babba8383d70f7a40813f39444e35634) Importer(815301076,1909f56bfc062723c751e8b465ee728b)  -> (artifact id: '90a1f6c0f2cca2e2df5543dd3817bd04') in 0.136553 seconds
  Import took 0.142212 seconds .

========================================================================
Received Import Request.
  Time since last request: 0.000433 seconds.
  path: Assets/Prefabs/BasementRooms/RoomBottomRight.prefab
  artifactKey: Guid(06eadacf8561f234ebf0af2f00b001a2) Importer(815301076,1909f56bfc062723c751e8b465ee728b)
Start importing Assets/Prefabs/BasementRooms/RoomBottomRight.prefab using Guid(06eadacf8561f234ebf0af2f00b001a2) Importer(815301076,1909f56bfc062723c751e8b465ee728b)  -> (artifact id: 'a6666fd37b532de898c60e66ba6e306f') in 0.298943 seconds
  Import took 0.304882 seconds .

========================================================================
Received Import Request.
  Time since last request: 0.000417 seconds.
  path: Assets/Prefabs/BasementRooms/RoomRight.prefab
  artifactKey: Guid(f10f208b58a15084f9c3eb5c7dd16725) Importer(815301076,1909f56bfc062723c751e8b465ee728b)
Start importing Assets/Prefabs/BasementRooms/RoomRight.prefab using Guid(f10f208b58a15084f9c3eb5c7dd16725) Importer(815301076,1909f56bfc062723c751e8b465ee728b)  -> (artifact id: 'f7b9f25e393b9148b7da1f28c8d66248') in 0.118288 seconds
  Import took 0.124109 seconds .

========================================================================
Received Import Request.
  Time since last request: 21.276820 seconds.
  path: Assets/Scenes/SampleScene
  artifactKey: Guid(30020515c3aebed408f49636c7a6b855) Importer(815301076,1909f56bfc062723c751e8b465ee728b)
Start importing Assets/Scenes/SampleScene using Guid(30020515c3aebed408f49636c7a6b855) Importer(815301076,1909f56bfc062723c751e8b465ee728b)  -> (artifact id: '9f2aa40ac67e6d7ad2c03b7b53da3a52') in 0.045805 seconds
  Import took 0.053058 seconds .

========================================================================
Received Prepare
Registering precompiled user dll's ...
Registered in 0.002318 seconds.
Begin MonoManager ReloadAssembly
Native extension for WindowsStandalone target not found
Refreshing native plugins compatible for Editor in 0.38 ms, found 0 plugins.
Preloading 0 native plugins for Editor in 0.00 ms.
Invoked RoslynAnalysisRunner static constructor.
RoslynAnalysisRunner will not be running.
RoslynAnalysisRunner has terminated.
Mono: successfully reloaded assembly
- Completed reload, in  2.712 seconds
Platform modules already initialized, skipping
Refreshing native plugins compatible for Editor in 1.02 ms, found 0 plugins.
Preloading 0 native plugins for Editor in 0.00 ms.
Unloading 1151 Unused Serialized files (Serialized files now loaded: 0)
System memory in use before: 62.0 MB.
System memory in use after: 62.1 MB.

Unloading 4 unused Assets to reduce memory usage. Loaded Objects now: 1649.
Total: 2.890500 ms (FindLiveObjects: 0.219600 ms CreateObjectMapping: 0.084300 ms MarkObjects: 2.557000 ms  DeleteObjects: 0.026900 ms)

========================================================================
Received Prepare
Registering precompiled user dll's ...
Registered in 0.001668 seconds.
Begin MonoManager ReloadAssembly
Native extension for WindowsStandalone target not found
Refreshing native plugins compatible for Editor in 0.65 ms, found 0 plugins.
Preloading 0 native plugins for Editor in 0.00 ms.
Invoked RoslynAnalysisRunner static constructor.
RoslynAnalysisRunner will not be running.
RoslynAnalysisRunner has terminated.
Mono: successfully reloaded assembly
- Completed reload, in  2.173 seconds
Platform modules already initialized, skipping
Refreshing native plugins compatible for Editor in 0.61 ms, found 0 plugins.
Preloading 0 native plugins for Editor in 0.00 ms.
Unloading 1151 Unused Serialized files (Serialized files now loaded: 0)
System memory in use before: 62.0 MB.
System memory in use after: 62.1 MB.

Unloading 4 unused Assets to reduce memory usage. Loaded Objects now: 1651.
Total: 3.055400 ms (FindLiveObjects: 0.344100 ms CreateObjectMapping: 0.102100 ms MarkObjects: 2.577000 ms  DeleteObjects: 0.029600 ms)

========================================================================
Received Prepare
Registering precompiled user dll's ...
Registered in 0.001643 seconds.
Begin MonoManager ReloadAssembly
Native extension for WindowsStandalone target not found
Refreshing native plugins compatible for Editor in 0.40 ms, found 0 plugins.
Preloading 0 native plugins for Editor in 0.00 ms.
Invoked RoslynAnalysisRunner static constructor.
RoslynAnalysisRunner will not be running.
RoslynAnalysisRunner has terminated.
Mono: successfully reloaded assembly
- Completed reload, in  2.517 seconds
Platform modules already initialized, skipping
Refreshing native plugins compatible for Editor in 0.69 ms, found 0 plugins.
Preloading 0 native plugins for Editor in 0.00 ms.
Unloading 1151 Unused Serialized files (Serialized files now loaded: 0)
System memory in use before: 62.0 MB.
System memory in use after: 62.1 MB.

Unloading 4 unused Assets to reduce memory usage. Loaded Objects now: 1653.
Total: 4.244100 ms (FindLiveObjects: 0.519900 ms CreateObjectMapping: 0.234900 ms MarkObjects: 3.452000 ms  DeleteObjects: 0.033800 ms)

========================================================================
Received Prepare
Registering precompiled user dll's ...
Registered in 0.002580 seconds.
Begin MonoManager ReloadAssembly
Native extension for WindowsStandalone target not found
Refreshing native plugins compatible for Editor in 0.60 ms, found 0 plugins.
Preloading 0 native plugins for Editor in 0.00 ms.
Invoked RoslynAnalysisRunner static constructor.
RoslynAnalysisRunner will not be running.
RoslynAnalysisRunner has terminated.
Mono: successfully reloaded assembly
- Completed reload, in  4.577 seconds
Platform modules already initialized, skipping
Refreshing native plugins compatible for Editor in 1.76 ms, found 0 plugins.
Preloading 0 native plugins for Editor in 0.00 ms.
Unloading 1151 Unused Serialized files (Serialized files now loaded: 0)
System memory in use before: 62.0 MB.
System memory in use after: 62.1 MB.

Unloading 4 unused Assets to reduce memory usage. Loaded Objects now: 1655.
Total: 5.597500 ms (FindLiveObjects: 0.408400 ms CreateObjectMapping: 0.117700 ms MarkObjects: 5.031600 ms  DeleteObjects: 0.036100 ms)

========================================================================
Received Prepare
Registering precompiled user dll's ...
Registered in 0.004878 seconds.
Begin MonoManager ReloadAssembly
Native extension for WindowsStandalone target not found
Refreshing native plugins compatible for Editor in 0.40 ms, found 0 plugins.
Preloading 0 native plugins for Editor in 0.00 ms.
Invoked RoslynAnalysisRunner static constructor.
RoslynAnalysisRunner will not be running.
RoslynAnalysisRunner has terminated.
Mono: successfully reloaded assembly
- Completed reload, in  2.140 seconds
Platform modules already initialized, skipping
Refreshing native plugins compatible for Editor in 0.71 ms, found 0 plugins.
Preloading 0 native plugins for Editor in 0.00 ms.
Unloading 1151 Unused Serialized files (Serialized files now loaded: 0)
System memory in use before: 62.0 MB.
System memory in use after: 62.1 MB.

Unloading 4 unused Assets to reduce memory usage. Loaded Objects now: 1657.
Total: 2.891700 ms (FindLiveObjects: 0.303600 ms CreateObjectMapping: 0.087800 ms MarkObjects: 2.468600 ms  DeleteObjects: 0.029100 ms)

========================================================================
Received Import Request.
  Time since last request: 638.180685 seconds.
  path: Assets/Scenes/PlayScene.unity
  artifactKey: Guid(9fc0d4010bbf28b4594072e72b8655ab) Importer(815301076,1909f56bfc062723c751e8b465ee728b)
Start importing Assets/Scenes/PlayScene.unity using Guid(9fc0d4010bbf28b4594072e72b8655ab) Importer(815301076,1909f56bfc062723c751e8b465ee728b)  -> (artifact id: 'a95934fb2217f5172c499b1a8865e218') in 0.089666 seconds
  Import took 0.097698 seconds .

========================================================================
Received Prepare
Registering precompiled user dll's ...
Registered in 0.887357 seconds.
Begin MonoManager ReloadAssembly
Native extension for WindowsStandalone target not found
Refreshing native plugins compatible for Editor in 0.92 ms, found 0 plugins.
Preloading 0 native plugins for Editor in 0.00 ms.
Invoked RoslynAnalysisRunner static constructor.
RoslynAnalysisRunner will not be running.
RoslynAnalysisRunner has terminated.
Mono: successfully reloaded assembly
- Completed reload, in 24.611 seconds
Platform modules already initialized, skipping
Refreshing native plugins compatible for Editor in 0.59 ms, found 0 plugins.
Preloading 0 native plugins for Editor in 0.00 ms.
Unloading 1151 Unused Serialized files (Serialized files now loaded: 0)
System memory in use before: 62.0 MB.
System memory in use after: 62.2 MB.

Unloading 4 unused Assets to reduce memory usage. Loaded Objects now: 1659.
Total: 3.887700 ms (FindLiveObjects: 0.345500 ms CreateObjectMapping: 0.155400 ms MarkObjects: 3.339900 ms  DeleteObjects: 0.043500 ms)

