Using pre-set license
Built from '2020.2/staging' branch; Version is '2020.2.6f1 (8a2143876886) revision 9052483'; Using compiler version '192528614'; Build Type 'Release'
OS: 'Windows 10 Home; OS build 18363.1379; Version 1909; 64bit' Language: 'en' Physical Memory: 32666 MB
BatchMode: 1, IsHumanControllingUs: 0, StartBugReporterOnCrash: 0, Is64bit: 1, IsPro: 0

 COMMAND LINE ARGUMENTS:
C:\Program Files\Unity\Hub\Editor\2020.2.6f1\Editor\Unity.exe
-adb2
-batchMode
-noUpm
-name
AssetImportWorker0
-projectPath
C:/Users/hohnj/OneDrive/Desktop/GameDesignFinalClass/TheLichUsurper/TheLichUsurper
-logFile
Logs/AssetImportWorker0.log
-srvPort
59990
Successfully changed project path to: C:/Users/hohnj/OneDrive/Desktop/GameDesignFinalClass/TheLichUsurper/TheLichUsurper
C:/Users/hohnj/OneDrive/Desktop/GameDesignFinalClass/TheLichUsurper/TheLichUsurper
Using Asset Import Pipeline V2.
Refreshing native plugins compatible for Editor in 24.32 ms, found 0 plugins.
Preloading 0 native plugins for Editor in 0.00 ms.
Initialize engine version: 2020.2.6f1 (8a2143876886)
[Subsystems] Discovering subsystems at path C:/Program Files/Unity/Hub/Editor/2020.2.6f1/Editor/Data/Resources/UnitySubsystems
[Subsystems] Discovering subsystems at path C:/Users/hohnj/OneDrive/Desktop/GameDesignFinalClass/TheLichUsurper/TheLichUsurper/Assets
GfxDevice: creating device client; threaded=0
Direct3D:
    Version:  Direct3D 11.0 [level 11.1]
    Renderer: Radeon RX 570 Series (ID=0x67df)
    Vendor:   
    VRAM:     8172 MB
    Driver:   26.20.15015.1007
Initialize mono
Mono path[0] = 'C:/Program Files/Unity/Hub/Editor/2020.2.6f1/Editor/Data/Managed'
Mono path[1] = 'C:/Program Files/Unity/Hub/Editor/2020.2.6f1/Editor/Data/MonoBleedingEdge/lib/mono/unityjit'
Mono config path = 'C:/Program Files/Unity/Hub/Editor/2020.2.6f1/Editor/Data/MonoBleedingEdge/etc'
Using monoOptions --debugger-agent=transport=dt_socket,embedding=1,server=y,suspend=n,address=127.0.0.1:56976
Begin MonoManager ReloadAssembly
Registering precompiled unity dll's ...
Register platform support module: C:/Program Files/Unity/Hub/Editor/2020.2.6f1/Editor/Data/PlaybackEngines/WindowsStandaloneSupport/UnityEditor.WindowsStandalone.Extensions.dll
Registered in 0.001983 seconds.
Native extension for WindowsStandalone target not found
Refreshing native plugins compatible for Editor in 24.70 ms, found 0 plugins.
Preloading 0 native plugins for Editor in 0.00 ms.
Invoked RoslynAnalysisRunner static constructor.
RoslynAnalysisRunner will not be running.
RoslynAnalysisRunner has terminated.
Mono: successfully reloaded assembly
- Completed reload, in  1.064 seconds
Platform modules already initialized, skipping
Registering precompiled user dll's ...
Registered in 0.000814 seconds.
Begin MonoManager ReloadAssembly
Symbol file data-0000023B238EAD50 doesn't match image C:\Users\hohnj\OneDrive\Desktop\GameDesignFinalClass\TheLichUsurper\TheLichUsurper\Library\ScriptAssemblies\Assembly-CSharp.dll
Symbol file LoadedFromMemory is not a mono symbol file
Symbol file data-0000023B238EAD50 doesn't match image C:\Users\hohnj\OneDrive\Desktop\GameDesignFinalClass\TheLichUsurper\TheLichUsurper\Library\ScriptAssemblies\Unity.VSCode.Editor.dll
Symbol file LoadedFromMemory is not a mono symbol file
Symbol file data-0000023B2392F010 doesn't match image C:\Users\hohnj\OneDrive\Desktop\GameDesignFinalClass\TheLichUsurper\TheLichUsurper\Library\ScriptAssemblies\Unity.TextMeshPro.Editor.dll
Symbol file LoadedFromMemory is not a mono symbol file
Symbol file data-0000023CFF680020 doesn't match image C:\Users\hohnj\OneDrive\Desktop\GameDesignFinalClass\TheLichUsurper\TheLichUsurper\Library\ScriptAssemblies\Unity.VisualStudio.Editor.dll
Symbol file LoadedFromMemory is not a mono symbol file
Symbol file data-0000023B25387020 doesn't match image C:\Users\hohnj\OneDrive\Desktop\GameDesignFinalClass\TheLichUsurper\TheLichUsurper\Library\ScriptAssemblies\UnityEngine.TestRunner.dll
Symbol file LoadedFromMemory is not a mono symbol file
Symbol file data-0000023B25601030 doesn't match image C:\Users\hohnj\OneDrive\Desktop\GameDesignFinalClass\TheLichUsurper\TheLichUsurper\Library\ScriptAssemblies\Unity.Timeline.Editor.dll
Symbol file LoadedFromMemory is not a mono symbol file
Symbol file data-0000023B25387020 doesn't match image C:\Users\hohnj\OneDrive\Desktop\GameDesignFinalClass\TheLichUsurper\TheLichUsurper\Library\ScriptAssemblies\Unity.Timeline.dll
Symbol file LoadedFromMemory is not a mono symbol file
Symbol file data-0000023CFF586010 doesn't match image C:\Users\hohnj\OneDrive\Desktop\GameDesignFinalClass\TheLichUsurper\TheLichUsurper\Library\ScriptAssemblies\Unity.TextMeshPro.dll
Symbol file LoadedFromMemory is not a mono symbol file
Symbol file data-0000023CFF5ABE20 doesn't match image C:\Users\hohnj\OneDrive\Desktop\GameDesignFinalClass\TheLichUsurper\TheLichUsurper\Library\ScriptAssemblies\Unity.CollabProxy.Editor.dll
Symbol file LoadedFromMemory is not a mono symbol file
Symbol file data-0000023B239BB010 doesn't match image C:\Users\hohnj\OneDrive\Desktop\GameDesignFinalClass\TheLichUsurper\TheLichUsurper\Library\ScriptAssemblies\UnityEditor.TestRunner.dll
Symbol file LoadedFromMemory is not a mono symbol file
Symbol file data-0000023CFF875E20 doesn't match image C:\Users\hohnj\OneDrive\Desktop\GameDesignFinalClass\TheLichUsurper\TheLichUsurper\Library\ScriptAssemblies\Unity.Rider.Editor.dll
Symbol file LoadedFromMemory is not a mono symbol file
Native extension for WindowsStandalone target not found
Refreshing native plugins compatible for Editor in 0.26 ms, found 0 plugins.
Preloading 0 native plugins for Editor in 0.00 ms.
Invoked RoslynAnalysisRunner static constructor.
RoslynAnalysisRunner will not be running.
RoslynAnalysisRunner has terminated.
Mono: successfully reloaded assembly
- Completed reload, in  0.819 seconds
Platform modules already initialized, skipping
========================================================================
Worker process is ready to serve import requests
Launched and connected shader compiler UnityShaderCompiler.exe after 0.04 seconds
Refreshing native plugins compatible for Editor in 0.27 ms, found 0 plugins.
Preloading 0 native plugins for Editor in 0.00 ms.
Unloading 1163 Unused Serialized files (Serialized files now loaded: 0)
System memory in use before: 58.8 MB.
System memory in use after: 58.9 MB.

Unloading 9 unused Assets to reduce memory usage. Loaded Objects now: 1606.
Total: 1.681600 ms (FindLiveObjects: 0.139100 ms CreateObjectMapping: 0.029500 ms MarkObjects: 1.445700 ms  DeleteObjects: 0.066400 ms)

========================================================================
Received Import Request.
  path: Assets/Scripts/DungeonGeneration/RoomSpawner.cs
  artifactKey: Guid(81e1a3d2b7fa89248b2f30ae1c2c5901) Importer(815301076,1909f56bfc062723c751e8b465ee728b)
Start importing Assets/Scripts/DungeonGeneration/RoomSpawner.cs using Guid(81e1a3d2b7fa89248b2f30ae1c2c5901) Importer(815301076,1909f56bfc062723c751e8b465ee728b)  -> (artifact id: '9f565e0ad5537e246272224a4e8c72ab') in 0.023095 seconds
  Import took 0.024889 seconds .

========================================================================
Received Prepare
Refreshing native plugins compatible for Editor in 0.93 ms, found 0 plugins.
Preloading 0 native plugins for Editor in 0.00 ms.
Unloading 2 Unused Serialized files (Serialized files now loaded: 0)
System memory in use before: 35.3 MB.
System memory in use after: 35.4 MB.

Unloading 2 unused Assets to reduce memory usage. Loaded Objects now: 1606.
Total: 1.620100 ms (FindLiveObjects: 0.155300 ms CreateObjectMapping: 0.029600 ms MarkObjects: 1.421000 ms  DeleteObjects: 0.012800 ms)

========================================================================
Received Prepare
Registering precompiled user dll's ...
Registered in 0.000746 seconds.
Begin MonoManager ReloadAssembly
Symbol file data-0000023B23E61A30 doesn't match image C:\Users\hohnj\OneDrive\Desktop\GameDesignFinalClass\TheLichUsurper\TheLichUsurper\Library\ScriptAssemblies\Assembly-CSharp.dll
Symbol file LoadedFromMemory is not a mono symbol file
Symbol file data-0000023B23E61A30 doesn't match image C:\Users\hohnj\OneDrive\Desktop\GameDesignFinalClass\TheLichUsurper\TheLichUsurper\Library\ScriptAssemblies\Unity.VSCode.Editor.dll
Symbol file LoadedFromMemory is not a mono symbol file
Symbol file data-0000023B239BB010 doesn't match image C:\Users\hohnj\OneDrive\Desktop\GameDesignFinalClass\TheLichUsurper\TheLichUsurper\Library\ScriptAssemblies\Unity.TextMeshPro.Editor.dll
Symbol file LoadedFromMemory is not a mono symbol file
Symbol file data-0000023B251E1010 doesn't match image C:\Users\hohnj\OneDrive\Desktop\GameDesignFinalClass\TheLichUsurper\TheLichUsurper\Library\ScriptAssemblies\Unity.VisualStudio.Editor.dll
Symbol file LoadedFromMemory is not a mono symbol file
Symbol file data-0000023B239BB010 doesn't match image C:\Users\hohnj\OneDrive\Desktop\GameDesignFinalClass\TheLichUsurper\TheLichUsurper\Library\ScriptAssemblies\UnityEngine.TestRunner.dll
Symbol file LoadedFromMemory is not a mono symbol file
Symbol file data-0000023B23D05020 doesn't match image C:\Users\hohnj\OneDrive\Desktop\GameDesignFinalClass\TheLichUsurper\TheLichUsurper\Library\ScriptAssemblies\Unity.Timeline.Editor.dll
Symbol file LoadedFromMemory is not a mono symbol file
Symbol file data-0000023B23C54010 doesn't match image C:\Users\hohnj\OneDrive\Desktop\GameDesignFinalClass\TheLichUsurper\TheLichUsurper\Library\ScriptAssemblies\Unity.Timeline.dll
Symbol file LoadedFromMemory is not a mono symbol file
Symbol file data-0000023B2642A4C0 doesn't match image C:\Users\hohnj\OneDrive\Desktop\GameDesignFinalClass\TheLichUsurper\TheLichUsurper\Library\ScriptAssemblies\Unity.TextMeshPro.dll
Symbol file LoadedFromMemory is not a mono symbol file
Symbol file data-0000023B23C54010 doesn't match image C:\Users\hohnj\OneDrive\Desktop\GameDesignFinalClass\TheLichUsurper\TheLichUsurper\Library\ScriptAssemblies\Unity.CollabProxy.Editor.dll
Symbol file LoadedFromMemory is not a mono symbol file
Symbol file data-0000023B23C54010 doesn't match image C:\Users\hohnj\OneDrive\Desktop\GameDesignFinalClass\TheLichUsurper\TheLichUsurper\Library\ScriptAssemblies\UnityEditor.TestRunner.dll
Symbol file LoadedFromMemory is not a mono symbol file
Symbol file data-0000023B251E1010 doesn't match image C:\Users\hohnj\OneDrive\Desktop\GameDesignFinalClass\TheLichUsurper\TheLichUsurper\Library\ScriptAssemblies\Unity.Rider.Editor.dll
Symbol file LoadedFromMemory is not a mono symbol file
Native extension for WindowsStandalone target not found
Refreshing native plugins compatible for Editor in 0.26 ms, found 0 plugins.
Preloading 0 native plugins for Editor in 0.00 ms.
Invoked RoslynAnalysisRunner static constructor.
RoslynAnalysisRunner will not be running.
RoslynAnalysisRunner has terminated.
Mono: successfully reloaded assembly
- Completed reload, in  0.734 seconds
Platform modules already initialized, skipping
Refreshing native plugins compatible for Editor in 0.26 ms, found 0 plugins.
Preloading 0 native plugins for Editor in 0.00 ms.
Unloading 1157 Unused Serialized files (Serialized files now loaded: 0)
System memory in use before: 58.7 MB.
System memory in use after: 58.8 MB.

Unloading 4 unused Assets to reduce memory usage. Loaded Objects now: 1608.
Total: 1.603400 ms (FindLiveObjects: 0.191400 ms CreateObjectMapping: 0.029100 ms MarkObjects: 1.362500 ms  DeleteObjects: 0.019000 ms)

========================================================================
Received Import Request.
  Time since last request: 215.924945 seconds.
  path: Assets/Prefabs/Player.prefab
  artifactKey: Guid(94ca7aad3074ab846abaa191315b6de9) Importer(815301076,1909f56bfc062723c751e8b465ee728b)
Start importing Assets/Prefabs/Player.prefab using Guid(94ca7aad3074ab846abaa191315b6de9) Importer(815301076,1909f56bfc062723c751e8b465ee728b)  -> (artifact id: 'c9957be7324ec11f665760ab1df08a9e') in 0.105739 seconds
  Import took 0.108562 seconds .

========================================================================
Received Import Request.
  Time since last request: 0.888793 seconds.
  path: Assets/Prefabs/BasementRooms/BossRoom.prefab
  artifactKey: Guid(06f073f4bd58bd940a6771cc65100ea9) Importer(815301076,1909f56bfc062723c751e8b465ee728b)
Start importing Assets/Prefabs/BasementRooms/BossRoom.prefab using Guid(06f073f4bd58bd940a6771cc65100ea9) Importer(815301076,1909f56bfc062723c751e8b465ee728b)  -> (artifact id: 'ee7bbe3bd3fcbe82d9c4aa0befaf231c') in 0.025804 seconds
  Import took 0.028372 seconds .

========================================================================
Received Import Request.
  Time since last request: 0.000201 seconds.
  path: Assets/Prefabs/BasementRooms/DoorLeft Variant.prefab
  artifactKey: Guid(95322818bc3c8724c998c686307028fd) Importer(815301076,1909f56bfc062723c751e8b465ee728b)
Start importing Assets/Prefabs/BasementRooms/DoorLeft Variant.prefab using Guid(95322818bc3c8724c998c686307028fd) Importer(815301076,1909f56bfc062723c751e8b465ee728b)  -> (artifact id: '3f0ce626904542fcbe2ea8ba864fa3b3') in 0.022818 seconds
  Import took 0.024716 seconds .

========================================================================
Received Import Request.
  Time since last request: 0.000198 seconds.
  path: Assets/Prefabs/BasementRooms/RoomTopRight.prefab
  artifactKey: Guid(8c2b032d0488b2f4a9619a51598e6ff6) Importer(815301076,1909f56bfc062723c751e8b465ee728b)
Start importing Assets/Prefabs/BasementRooms/RoomTopRight.prefab using Guid(8c2b032d0488b2f4a9619a51598e6ff6) Importer(815301076,1909f56bfc062723c751e8b465ee728b)  -> (artifact id: '6da21d93741790c4bac4927317aca211') in 0.024520 seconds
  Import took 0.026536 seconds .

========================================================================
Received Import Request.
  Time since last request: 0.000205 seconds.
  path: Assets/Prefabs/BasementRooms/RoomLeft.prefab
  artifactKey: Guid(bfb99b4ecb1aab646af35bce6e9228b2) Importer(815301076,1909f56bfc062723c751e8b465ee728b)
Start importing Assets/Prefabs/BasementRooms/RoomLeft.prefab using Guid(bfb99b4ecb1aab646af35bce6e9228b2) Importer(815301076,1909f56bfc062723c751e8b465ee728b)  -> (artifact id: '3c9f40d270c8ebc384eff2fbf2a62dca') in 0.021220 seconds
  Import took 0.023343 seconds .

========================================================================
Received Import Request.
  Time since last request: 0.000180 seconds.
  path: Assets/Prefabs/BasementRooms/RoomBottom.prefab
  artifactKey: Guid(be4dfba9b1ccab74ab1a1e72e668c69d) Importer(815301076,1909f56bfc062723c751e8b465ee728b)
Start importing Assets/Prefabs/BasementRooms/RoomBottom.prefab using Guid(be4dfba9b1ccab74ab1a1e72e668c69d) Importer(815301076,1909f56bfc062723c751e8b465ee728b)  -> (artifact id: '467814e9b1cca23e9a835245dd6f9af2') in 0.027282 seconds
  Import took 0.029603 seconds .

========================================================================
Received Import Request.
  Time since last request: 0.000205 seconds.
  path: Assets/Prefabs/BasementRooms/RoomTop.prefab
  artifactKey: Guid(a25e930fba65bb746bffee527c9d5e5b) Importer(815301076,1909f56bfc062723c751e8b465ee728b)
Start importing Assets/Prefabs/BasementRooms/RoomTop.prefab using Guid(a25e930fba65bb746bffee527c9d5e5b) Importer(815301076,1909f56bfc062723c751e8b465ee728b)  -> (artifact id: '8a6dc4a286c2b90b4bfaa402a12c544c') in 0.021191 seconds
  Import took 0.023262 seconds .

========================================================================
Received Import Request.
  Time since last request: 0.000226 seconds.
  path: Assets/Prefabs/BasementRooms/RoomTopBottom.prefab
  artifactKey: Guid(1517f73f7005e174298e3e5c8307c0e3) Importer(815301076,1909f56bfc062723c751e8b465ee728b)
Start importing Assets/Prefabs/BasementRooms/RoomTopBottom.prefab using Guid(1517f73f7005e174298e3e5c8307c0e3) Importer(815301076,1909f56bfc062723c751e8b465ee728b)  -> (artifact id: 'b76928eb73356e5a32d902b027280a85') in 0.022254 seconds
  Import took 0.024353 seconds .

========================================================================
Received Import Request.
  Time since last request: 0.000205 seconds.
  path: Assets/Prefabs/BasementRooms/RoomLeftRight.prefab
  artifactKey: Guid(9fea8b5d6ca2e7244843315313356d6e) Importer(815301076,1909f56bfc062723c751e8b465ee728b)
Start importing Assets/Prefabs/BasementRooms/RoomLeftRight.prefab using Guid(9fea8b5d6ca2e7244843315313356d6e) Importer(815301076,1909f56bfc062723c751e8b465ee728b)  -> (artifact id: '217d54813a4ccf8ed3c8764993f2ad43') in 0.024130 seconds
  Import took 0.026219 seconds .

========================================================================
Received Import Request.
  Time since last request: 0.000208 seconds.
  path: Assets/Prefabs/BasementRooms/RoomBottomLeft.prefab
  artifactKey: Guid(babba8383d70f7a40813f39444e35634) Importer(815301076,1909f56bfc062723c751e8b465ee728b)
Start importing Assets/Prefabs/BasementRooms/RoomBottomLeft.prefab using Guid(babba8383d70f7a40813f39444e35634) Importer(815301076,1909f56bfc062723c751e8b465ee728b)  -> (artifact id: '4d04171e4a2abdd8716e5804c92cdc28') in 0.028152 seconds
  Import took 0.030398 seconds .

========================================================================
Received Import Request.
  Time since last request: 0.000201 seconds.
  path: Assets/Prefabs/BasementRooms/RoomBottomRight.prefab
  artifactKey: Guid(06eadacf8561f234ebf0af2f00b001a2) Importer(815301076,1909f56bfc062723c751e8b465ee728b)
Start importing Assets/Prefabs/BasementRooms/RoomBottomRight.prefab using Guid(06eadacf8561f234ebf0af2f00b001a2) Importer(815301076,1909f56bfc062723c751e8b465ee728b)  -> (artifact id: '3d3adad881b9e70d10cb57661c9ce675') in 0.024273 seconds
  Import took 0.026430 seconds .

========================================================================
Received Import Request.
  Time since last request: 0.000199 seconds.
  path: Assets/Prefabs/BasementRooms/RoomBase.prefab
  artifactKey: Guid(7c90d8e3877a7484b99fd58562aa1a89) Importer(815301076,1909f56bfc062723c751e8b465ee728b)
Start importing Assets/Prefabs/BasementRooms/RoomBase.prefab using Guid(7c90d8e3877a7484b99fd58562aa1a89) Importer(815301076,1909f56bfc062723c751e8b465ee728b)  -> (artifact id: 'b7810ba345b82087111e707c869ccbc5') in 0.023032 seconds
  Import took 0.025125 seconds .

========================================================================
Received Import Request.
  Time since last request: 0.000203 seconds.
  path: Assets/Prefabs/BasementRooms/DoorRight Variant.prefab
  artifactKey: Guid(a16d37340b9a3de46b2df2bf2aeca0fa) Importer(815301076,1909f56bfc062723c751e8b465ee728b)
Start importing Assets/Prefabs/BasementRooms/DoorRight Variant.prefab using Guid(a16d37340b9a3de46b2df2bf2aeca0fa) Importer(815301076,1909f56bfc062723c751e8b465ee728b)  -> (artifact id: '1fcdbb14ea4689341348ed150224f655') in 0.019444 seconds
  Import took 0.021358 seconds .

========================================================================
Received Import Request.
  Time since last request: 0.000180 seconds.
  path: Assets/Prefabs/BasementRooms/RoomRight.prefab
  artifactKey: Guid(f10f208b58a15084f9c3eb5c7dd16725) Importer(815301076,1909f56bfc062723c751e8b465ee728b)
Start importing Assets/Prefabs/BasementRooms/RoomRight.prefab using Guid(f10f208b58a15084f9c3eb5c7dd16725) Importer(815301076,1909f56bfc062723c751e8b465ee728b)  -> (artifact id: '86864918e90c0e957a3068b3d9b5b656') in 0.023115 seconds
  Import took 0.025214 seconds .

========================================================================
Received Import Request.
  Time since last request: 0.000191 seconds.
  path: Assets/Prefabs/BasementRooms/DoorBottom Variant.prefab
  artifactKey: Guid(9ecca3772d141b745ad35b208b0e1c10) Importer(815301076,1909f56bfc062723c751e8b465ee728b)
Start importing Assets/Prefabs/BasementRooms/DoorBottom Variant.prefab using Guid(9ecca3772d141b745ad35b208b0e1c10) Importer(815301076,1909f56bfc062723c751e8b465ee728b)  -> (artifact id: '16e940637445320f42e17ce1ccfc6128') in 0.019758 seconds
  Import took 0.021757 seconds .

========================================================================
Received Prepare
Registering precompiled user dll's ...
Registered in 0.000724 seconds.
Begin MonoManager ReloadAssembly
Symbol file data-0000023CFF768440 doesn't match image C:\Users\hohnj\OneDrive\Desktop\GameDesignFinalClass\TheLichUsurper\TheLichUsurper\Library\ScriptAssemblies\Assembly-CSharp.dll
Symbol file LoadedFromMemory is not a mono symbol file
Symbol file data-0000023B2628BA20 doesn't match image C:\Users\hohnj\OneDrive\Desktop\GameDesignFinalClass\TheLichUsurper\TheLichUsurper\Library\ScriptAssemblies\Unity.VSCode.Editor.dll
Symbol file LoadedFromMemory is not a mono symbol file
Symbol file data-0000023B23CDB010 doesn't match image C:\Users\hohnj\OneDrive\Desktop\GameDesignFinalClass\TheLichUsurper\TheLichUsurper\Library\ScriptAssemblies\Unity.TextMeshPro.Editor.dll
Symbol file LoadedFromMemory is not a mono symbol file
Symbol file data-0000023CFF76BC00 doesn't match image C:\Users\hohnj\OneDrive\Desktop\GameDesignFinalClass\TheLichUsurper\TheLichUsurper\Library\ScriptAssemblies\Unity.VisualStudio.Editor.dll
Symbol file LoadedFromMemory is not a mono symbol file
Symbol file data-0000023B2687A690 doesn't match image C:\Users\hohnj\OneDrive\Desktop\GameDesignFinalClass\TheLichUsurper\TheLichUsurper\Library\ScriptAssemblies\UnityEngine.TestRunner.dll
Symbol file LoadedFromMemory is not a mono symbol file
Symbol file data-0000023B25F3AC40 doesn't match image C:\Users\hohnj\OneDrive\Desktop\GameDesignFinalClass\TheLichUsurper\TheLichUsurper\Library\ScriptAssemblies\Unity.Timeline.Editor.dll
Symbol file LoadedFromMemory is not a mono symbol file
Symbol file data-0000023B2687A690 doesn't match image C:\Users\hohnj\OneDrive\Desktop\GameDesignFinalClass\TheLichUsurper\TheLichUsurper\Library\ScriptAssemblies\Unity.Timeline.dll
Symbol file LoadedFromMemory is not a mono symbol file
Symbol file data-0000023B2530B010 doesn't match image C:\Users\hohnj\OneDrive\Desktop\GameDesignFinalClass\TheLichUsurper\TheLichUsurper\Library\ScriptAssemblies\Unity.TextMeshPro.dll
Symbol file LoadedFromMemory is not a mono symbol file
Symbol file data-0000023B2687A690 doesn't match image C:\Users\hohnj\OneDrive\Desktop\GameDesignFinalClass\TheLichUsurper\TheLichUsurper\Library\ScriptAssemblies\Unity.CollabProxy.Editor.dll
Symbol file LoadedFromMemory is not a mono symbol file
Symbol file data-0000023B23D05020 doesn't match image C:\Users\hohnj\OneDrive\Desktop\GameDesignFinalClass\TheLichUsurper\TheLichUsurper\Library\ScriptAssemblies\UnityEditor.TestRunner.dll
Symbol file LoadedFromMemory is not a mono symbol file
Symbol file data-0000023CD9D78830 doesn't match image C:\Users\hohnj\OneDrive\Desktop\GameDesignFinalClass\TheLichUsurper\TheLichUsurper\Library\ScriptAssemblies\Unity.Rider.Editor.dll
Symbol file LoadedFromMemory is not a mono symbol file
Native extension for WindowsStandalone target not found
Refreshing native plugins compatible for Editor in 0.27 ms, found 0 plugins.
Preloading 0 native plugins for Editor in 0.00 ms.
Invoked RoslynAnalysisRunner static constructor.
RoslynAnalysisRunner will not be running.
RoslynAnalysisRunner has terminated.
Mono: successfully reloaded assembly
- Completed reload, in  0.725 seconds
Platform modules already initialized, skipping
Refreshing native plugins compatible for Editor in 0.25 ms, found 0 plugins.
Preloading 0 native plugins for Editor in 0.00 ms.
Unloading 1157 Unused Serialized files (Serialized files now loaded: 0)
System memory in use before: 62.1 MB.
System memory in use after: 62.2 MB.

Unloading 4 unused Assets to reduce memory usage. Loaded Objects now: 1617.
Total: 1.528700 ms (FindLiveObjects: 0.147100 ms CreateObjectMapping: 0.026700 ms MarkObjects: 1.336700 ms  DeleteObjects: 0.017100 ms)

AssetImportWorkerClient::OnTransportError - code=2 error=End of file
